{"/Users/rodrigosanchez/Library/Mobile Documents/com~apple~CloudDocs/DUOC/DESARROLLO FRONTEND II_001A/Semana 8/recetas-react-vite-rest-graphql/src/App.jsx": {"path":"/Users/rodrigosanchez/Library/Mobile Documents/com~apple~CloudDocs/DUOC/DESARROLLO FRONTEND II_001A/Semana 8/recetas-react-vite-rest-graphql/src/App.jsx","statementMap":{"0":{"start":{"line":14,"column":19},"end":{"line":14,"column":null}},"1":{"start":{"line":16,"column":2},"end":{"line":35,"column":null}}},"fnMap":{"0":{"name":"App","decl":{"start":{"line":13,"column":9},"end":{"line":13,"column":15}},"loc":{"start":{"line":13,"column":15},"end":{"line":37,"column":null}},"line":13}},"branchMap":{"0":{"loc":{"start":{"line":14,"column":19},"end":{"line":14,"column":null}},"type":"cond-expr","locations":[{"start":{"line":14,"column":42},"end":{"line":14,"column":79}},{"start":{"line":14,"column":79},"end":{"line":14,"column":null}}],"line":14}},"s":{"0":7,"1":7},"f":{"0":7},"b":{"0":[0,7]},"meta":{"lastBranch":1,"lastFunction":1,"lastStatement":2,"seen":{"f:13:9:13:15":0,"s:14:19:14:Infinity":0,"b:14:42:14:79:14:79:14:Infinity":0,"s:16:2:35:Infinity":1}}}
,"/Users/rodrigosanchez/Library/Mobile Documents/com~apple~CloudDocs/DUOC/DESARROLLO FRONTEND II_001A/Semana 8/recetas-react-vite-rest-graphql/src/components/favorites/FloatingFavorites.jsx": {"path":"/Users/rodrigosanchez/Library/Mobile Documents/com~apple~CloudDocs/DUOC/DESARROLLO FRONTEND II_001A/Semana 8/recetas-react-vite-rest-graphql/src/components/favorites/FloatingFavorites.jsx","statementMap":{"0":{"start":{"line":6,"column":26},"end":{"line":145,"column":null}},"1":{"start":{"line":7,"column":102},"end":{"line":7,"column":null}},"2":{"start":{"line":9,"column":2},"end":{"line":143,"column":null}},"3":{"start":{"line":33,"column":25},"end":{"line":33,"column":null}},"4":{"start":{"line":54,"column":29},"end":{"line":54,"column":null}},"5":{"start":{"line":76,"column":31},"end":{"line":76,"column":null}},"6":{"start":{"line":86,"column":16},"end":{"line":122,"column":null}},"7":{"start":{"line":100,"column":37},"end":{"line":100,"column":null}},"8":{"start":{"line":116,"column":35},"end":{"line":116,"column":null}},"9":{"start":{"line":133,"column":29},"end":{"line":133,"column":null}}},"fnMap":{"0":{"name":"(anonymous_0)","decl":{"start":{"line":6,"column":26},"end":{"line":6,"column":32}},"loc":{"start":{"line":6,"column":32},"end":{"line":145,"column":null}},"line":6},"1":{"name":"(anonymous_1)","decl":{"start":{"line":33,"column":19},"end":{"line":33,"column":25}},"loc":{"start":{"line":33,"column":25},"end":{"line":33,"column":null}},"line":33},"2":{"name":"(anonymous_2)","decl":{"start":{"line":54,"column":23},"end":{"line":54,"column":29}},"loc":{"start":{"line":54,"column":29},"end":{"line":54,"column":null}},"line":54},"3":{"name":"(anonymous_3)","decl":{"start":{"line":76,"column":25},"end":{"line":76,"column":31}},"loc":{"start":{"line":76,"column":31},"end":{"line":76,"column":null}},"line":76},"4":{"name":"(anonymous_4)","decl":{"start":{"line":85,"column":29},"end":{"line":85,"column":30}},"loc":{"start":{"line":86,"column":16},"end":{"line":122,"column":null}},"line":86},"5":{"name":"(anonymous_5)","decl":{"start":{"line":100,"column":31},"end":{"line":100,"column":37}},"loc":{"start":{"line":100,"column":37},"end":{"line":100,"column":null}},"line":100},"6":{"name":"(anonymous_6)","decl":{"start":{"line":116,"column":29},"end":{"line":116,"column":35}},"loc":{"start":{"line":116,"column":35},"end":{"line":116,"column":null}},"line":116},"7":{"name":"(anonymous_7)","decl":{"start":{"line":133,"column":23},"end":{"line":133,"column":29}},"loc":{"start":{"line":133,"column":29},"end":{"line":133,"column":null}},"line":133}},"branchMap":{"0":{"loc":{"start":{"line":20,"column":9},"end":{"line":25,"column":null}},"type":"binary-expr","locations":[{"start":{"line":20,"column":9},"end":{"line":20,"column":null}},{"start":{"line":21,"column":10},"end":{"line":25,"column":null}}],"line":20},"1":{"loc":{"start":{"line":30,"column":7},"end":{"line":34,"column":null}},"type":"binary-expr","locations":[{"start":{"line":30,"column":7},"end":{"line":30,"column":null}},{"start":{"line":31,"column":8},"end":{"line":34,"column":null}}],"line":30},"2":{"loc":{"start":{"line":40,"column":24},"end":{"line":40,"column":75}},"type":"cond-expr","locations":[{"start":{"line":40,"column":39},"end":{"line":40,"column":57}},{"start":{"line":40,"column":57},"end":{"line":40,"column":75}}],"line":40},"3":{"loc":{"start":{"line":49,"column":36},"end":{"line":49,"column":null}},"type":"cond-expr","locations":[{"start":{"line":49,"column":59},"end":{"line":49,"column":79}},{"start":{"line":49,"column":79},"end":{"line":49,"column":null}}],"line":49},"4":{"loc":{"start":{"line":65,"column":11},"end":{"line":124,"column":null}},"type":"cond-expr","locations":[{"start":{"line":66,"column":12},"end":{"line":82,"column":null}},{"start":{"line":84,"column":12},"end":{"line":124,"column":null}}],"line":65},"5":{"loc":{"start":{"line":90,"column":19},"end":{"line":95,"column":null}},"type":"binary-expr","locations":[{"start":{"line":90,"column":19},"end":{"line":90,"column":null}},{"start":{"line":91,"column":20},"end":{"line":95,"column":null}}],"line":90},"6":{"loc":{"start":{"line":129,"column":9},"end":{"line":140,"column":null}},"type":"binary-expr","locations":[{"start":{"line":129,"column":9},"end":{"line":129,"column":null}},{"start":{"line":130,"column":10},"end":{"line":140,"column":null}}],"line":129}},"s":{"0":1,"1":25,"2":25,"3":1,"4":1,"5":0,"6":17,"7":0,"8":1,"9":0},"f":{"0":25,"1":1,"2":1,"3":0,"4":17,"5":0,"6":1,"7":0},"b":{"0":[25,9],"1":[25,19],"2":[19,6],"3":[1,24],"4":[16,9],"5":[17,15],"6":[25,9]},"meta":{"lastBranch":7,"lastFunction":8,"lastStatement":10,"seen":{"s:6:26:145:Infinity":0,"f:6:26:6:32":0,"s:7:102:7:Infinity":1,"s:9:2:143:Infinity":2,"b:20:9:20:Infinity:21:10:25:Infinity":0,"b:30:7:30:Infinity:31:8:34:Infinity":1,"f:33:19:33:25":1,"s:33:25:33:Infinity":3,"b:40:39:40:57:40:57:40:75":2,"b:49:59:49:79:49:79:49:Infinity":3,"f:54:23:54:29":2,"s:54:29:54:Infinity":4,"b:66:12:82:Infinity:84:12:124:Infinity":4,"f:76:25:76:31":3,"s:76:31:76:Infinity":5,"f:85:29:85:30":4,"s:86:16:122:Infinity":6,"b:90:19:90:Infinity:91:20:95:Infinity":5,"f:100:31:100:37":5,"s:100:37:100:Infinity":7,"f:116:29:116:35":6,"s:116:35:116:Infinity":8,"b:129:9:129:Infinity:130:10:140:Infinity":6,"f:133:23:133:29":7,"s:133:29:133:Infinity":9}}}
,"/Users/rodrigosanchez/Library/Mobile Documents/com~apple~CloudDocs/DUOC/DESARROLLO FRONTEND II_001A/Semana 8/recetas-react-vite-rest-graphql/src/components/layout/Footer.jsx": {"path":"/Users/rodrigosanchez/Library/Mobile Documents/com~apple~CloudDocs/DUOC/DESARROLLO FRONTEND II_001A/Semana 8/recetas-react-vite-rest-graphql/src/components/layout/Footer.jsx","statementMap":{"0":{"start":{"line":3,"column":15},"end":{"line":93,"column":null}},"1":{"start":{"line":4,"column":8},"end":{"line":4,"column":null}},"2":{"start":{"line":6,"column":22},"end":{"line":22,"column":null}},"3":{"start":{"line":24,"column":2},"end":{"line":91,"column":null}},"4":{"start":{"line":62,"column":12},"end":{"line":76,"column":null}},"5":{"start":{"line":66,"column":18},"end":{"line":73,"column":null}}},"fnMap":{"0":{"name":"(anonymous_0)","decl":{"start":{"line":3,"column":15},"end":{"line":3,"column":21}},"loc":{"start":{"line":3,"column":21},"end":{"line":93,"column":null}},"line":3},"1":{"name":"(anonymous_1)","decl":{"start":{"line":61,"column":43},"end":{"line":61,"column":44}},"loc":{"start":{"line":62,"column":12},"end":{"line":76,"column":null}},"line":62},"2":{"name":"(anonymous_2)","decl":{"start":{"line":65,"column":27},"end":{"line":65,"column":28}},"loc":{"start":{"line":66,"column":18},"end":{"line":73,"column":null}},"line":66}},"branchMap":{},"s":{"0":1,"1":10,"2":10,"3":10,"4":30,"5":90},"f":{"0":10,"1":30,"2":90},"b":{},"meta":{"lastBranch":0,"lastFunction":3,"lastStatement":6,"seen":{"s:3:15:93:Infinity":0,"f:3:15:3:21":0,"s:4:8:4:Infinity":1,"s:6:22:22:Infinity":2,"s:24:2:91:Infinity":3,"f:61:43:61:44":1,"s:62:12:76:Infinity":4,"f:65:27:65:28":2,"s:66:18:73:Infinity":5}}}
,"/Users/rodrigosanchez/Library/Mobile Documents/com~apple~CloudDocs/DUOC/DESARROLLO FRONTEND II_001A/Semana 8/recetas-react-vite-rest-graphql/src/components/layout/Navbar.jsx": {"path":"/Users/rodrigosanchez/Library/Mobile Documents/com~apple~CloudDocs/DUOC/DESARROLLO FRONTEND II_001A/Semana 8/recetas-react-vite-rest-graphql/src/components/layout/Navbar.jsx","statementMap":{"0":{"start":{"line":5,"column":15},"end":{"line":382,"column":null}},"1":{"start":{"line":6,"column":46},"end":{"line":6,"column":null}},"2":{"start":{"line":7,"column":38},"end":{"line":7,"column":null}},"3":{"start":{"line":8,"column":36},"end":{"line":8,"column":null}},"4":{"start":{"line":9,"column":46},"end":{"line":9,"column":null}},"5":{"start":{"line":10,"column":40},"end":{"line":10,"column":null}},"6":{"start":{"line":11,"column":8},"end":{"line":11,"column":null}},"7":{"start":{"line":12,"column":8},"end":{"line":12,"column":null}},"8":{"start":{"line":14,"column":21},"end":{"line":19,"column":null}},"9":{"start":{"line":21,"column":21},"end":{"line":30,"column":null}},"10":{"start":{"line":33,"column":23},"end":{"line":42,"column":null}},"11":{"start":{"line":34,"column":4},"end":{"line":41,"column":null}},"12":{"start":{"line":35,"column":23},"end":{"line":35,"column":null}},"13":{"start":{"line":36,"column":19},"end":{"line":36,"column":null}},"14":{"start":{"line":37,"column":6},"end":{"line":37,"column":null}},"15":{"start":{"line":39,"column":6},"end":{"line":39,"column":null}},"16":{"start":{"line":40,"column":6},"end":{"line":40,"column":null}},"17":{"start":{"line":45,"column":23},"end":{"line":65,"column":null}},"18":{"start":{"line":46,"column":20},"end":{"line":46,"column":null}},"19":{"start":{"line":48,"column":19},"end":{"line":48,"column":null}},"20":{"start":{"line":51,"column":4},"end":{"line":53,"column":null}},"21":{"start":{"line":52,"column":6},"end":{"line":52,"column":null}},"22":{"start":{"line":52,"column":43},"end":{"line":52,"column":71}},"23":{"start":{"line":56,"column":4},"end":{"line":62,"column":null}},"24":{"start":{"line":57,"column":6},"end":{"line":61,"column":null}},"25":{"start":{"line":58,"column":8},"end":{"line":60,"column":null}},"26":{"start":{"line":60,"column":40},"end":{"line":60,"column":87}},"27":{"start":{"line":64,"column":4},"end":{"line":64,"column":null}},"28":{"start":{"line":68,"column":31},"end":{"line":71,"column":null}},"29":{"start":{"line":69,"column":4},"end":{"line":69,"column":null}},"30":{"start":{"line":70,"column":4},"end":{"line":70,"column":null}},"31":{"start":{"line":74,"column":28},"end":{"line":78,"column":null}},"32":{"start":{"line":75,"column":18},"end":{"line":75,"column":null}},"33":{"start":{"line":76,"column":4},"end":{"line":76,"column":null}},"34":{"start":{"line":77,"column":4},"end":{"line":77,"column":null}},"35":{"start":{"line":81,"column":28},"end":{"line":88,"column":null}},"36":{"start":{"line":82,"column":4},"end":{"line":82,"column":null}},"37":{"start":{"line":83,"column":4},"end":{"line":83,"column":null}},"38":{"start":{"line":84,"column":4},"end":{"line":84,"column":null}},"39":{"start":{"line":85,"column":4},"end":{"line":85,"column":null}},"40":{"start":{"line":86,"column":4},"end":{"line":86,"column":null}},"41":{"start":{"line":87,"column":4},"end":{"line":87,"column":null}},"42":{"start":{"line":91,"column":2},"end":{"line":100,"column":null}},"43":{"start":{"line":92,"column":31},"end":{"line":96,"column":null}},"44":{"start":{"line":93,"column":6},"end":{"line":95,"column":null}},"45":{"start":{"line":94,"column":8},"end":{"line":94,"column":null}},"46":{"start":{"line":98,"column":4},"end":{"line":98,"column":null}},"47":{"start":{"line":99,"column":4},"end":{"line":99,"column":null}},"48":{"start":{"line":99,"column":17},"end":{"line":99,"column":null}},"49":{"start":{"line":103,"column":29},"end":{"line":114,"column":null}},"50":{"start":{"line":104,"column":4},"end":{"line":113,"column":null}},"51":{"start":{"line":106,"column":8},"end":{"line":106,"column":null}},"52":{"start":{"line":108,"column":8},"end":{"line":108,"column":null}},"53":{"start":{"line":110,"column":8},"end":{"line":110,"column":null}},"54":{"start":{"line":112,"column":8},"end":{"line":112,"column":null}},"55":{"start":{"line":116,"column":2},"end":{"line":380,"column":null}},"56":{"start":{"line":134,"column":14},"end":{"line":142,"column":null}},"57":{"start":{"line":147,"column":29},"end":{"line":147,"column":null}},"58":{"start":{"line":170,"column":29},"end":{"line":170,"column":null}},"59":{"start":{"line":183,"column":29},"end":{"line":183,"column":null}},"60":{"start":{"line":204,"column":16},"end":{"line":212,"column":null}},"61":{"start":{"line":207,"column":33},"end":{"line":207,"column":null}},"62":{"start":{"line":216,"column":31},"end":{"line":216,"column":null}},"63":{"start":{"line":232,"column":27},"end":{"line":232,"column":null}},"64":{"start":{"line":258,"column":33},"end":{"line":258,"column":null}},"65":{"start":{"line":270,"column":18},"end":{"line":280,"column":null}},"66":{"start":{"line":272,"column":35},"end":{"line":272,"column":null}},"67":{"start":{"line":291,"column":22},"end":{"line":343,"column":null}},"68":{"start":{"line":293,"column":39},"end":{"line":293,"column":null}}},"fnMap":{"0":{"name":"(anonymous_0)","decl":{"start":{"line":5,"column":15},"end":{"line":5,"column":21}},"loc":{"start":{"line":5,"column":21},"end":{"line":382,"column":null}},"line":5},"1":{"name":"(anonymous_1)","decl":{"start":{"line":33,"column":23},"end":{"line":33,"column":35}},"loc":{"start":{"line":33,"column":35},"end":{"line":42,"column":null}},"line":33},"2":{"name":"(anonymous_2)","decl":{"start":{"line":45,"column":23},"end":{"line":45,"column":30}},"loc":{"start":{"line":45,"column":50},"end":{"line":65,"column":null}},"line":45},"3":{"name":"(anonymous_3)","decl":{"start":{"line":52,"column":33},"end":{"line":52,"column":43}},"loc":{"start":{"line":52,"column":43},"end":{"line":52,"column":71}},"line":52},"4":{"name":"(anonymous_4)","decl":{"start":{"line":57,"column":33},"end":{"line":57,"column":null}},"loc":{"start":{"line":58,"column":8},"end":{"line":60,"column":null}},"line":58},"5":{"name":"(anonymous_5)","decl":{"start":{"line":60,"column":33},"end":{"line":60,"column":40}},"loc":{"start":{"line":60,"column":40},"end":{"line":60,"column":87}},"line":60},"6":{"name":"(anonymous_6)","decl":{"start":{"line":68,"column":31},"end":{"line":68,"column":32}},"loc":{"start":{"line":68,"column":45},"end":{"line":71,"column":null}},"line":68},"7":{"name":"(anonymous_7)","decl":{"start":{"line":74,"column":28},"end":{"line":74,"column":29}},"loc":{"start":{"line":74,"column":35},"end":{"line":78,"column":null}},"line":74},"8":{"name":"(anonymous_8)","decl":{"start":{"line":81,"column":28},"end":{"line":81,"column":29}},"loc":{"start":{"line":81,"column":42},"end":{"line":88,"column":null}},"line":81},"9":{"name":"(anonymous_9)","decl":{"start":{"line":91,"column":12},"end":{"line":91,"column":18}},"loc":{"start":{"line":91,"column":18},"end":{"line":100,"column":5}},"line":91},"10":{"name":"(anonymous_10)","decl":{"start":{"line":92,"column":31},"end":{"line":92,"column":32}},"loc":{"start":{"line":92,"column":42},"end":{"line":96,"column":null}},"line":92},"11":{"name":"(anonymous_11)","decl":{"start":{"line":99,"column":11},"end":{"line":99,"column":17}},"loc":{"start":{"line":99,"column":17},"end":{"line":99,"column":null}},"line":99},"12":{"name":"(anonymous_12)","decl":{"start":{"line":103,"column":29},"end":{"line":103,"column":30}},"loc":{"start":{"line":103,"column":45},"end":{"line":114,"column":null}},"line":103},"13":{"name":"(anonymous_13)","decl":{"start":{"line":133,"column":28},"end":{"line":133,"column":29}},"loc":{"start":{"line":134,"column":14},"end":{"line":142,"column":null}},"line":134},"14":{"name":"(anonymous_14)","decl":{"start":{"line":147,"column":23},"end":{"line":147,"column":29}},"loc":{"start":{"line":147,"column":29},"end":{"line":147,"column":null}},"line":147},"15":{"name":"(anonymous_15)","decl":{"start":{"line":170,"column":23},"end":{"line":170,"column":29}},"loc":{"start":{"line":170,"column":29},"end":{"line":170,"column":null}},"line":170},"16":{"name":"(anonymous_16)","decl":{"start":{"line":183,"column":23},"end":{"line":183,"column":29}},"loc":{"start":{"line":183,"column":29},"end":{"line":183,"column":null}},"line":183},"17":{"name":"(anonymous_17)","decl":{"start":{"line":203,"column":30},"end":{"line":203,"column":31}},"loc":{"start":{"line":204,"column":16},"end":{"line":212,"column":null}},"line":204},"18":{"name":"(anonymous_18)","decl":{"start":{"line":207,"column":27},"end":{"line":207,"column":33}},"loc":{"start":{"line":207,"column":33},"end":{"line":207,"column":null}},"line":207},"19":{"name":"(anonymous_19)","decl":{"start":{"line":216,"column":25},"end":{"line":216,"column":31}},"loc":{"start":{"line":216,"column":31},"end":{"line":216,"column":null}},"line":216},"20":{"name":"(anonymous_20)","decl":{"start":{"line":232,"column":21},"end":{"line":232,"column":27}},"loc":{"start":{"line":232,"column":27},"end":{"line":232,"column":null}},"line":232},"21":{"name":"(anonymous_21)","decl":{"start":{"line":258,"column":27},"end":{"line":258,"column":33}},"loc":{"start":{"line":258,"column":33},"end":{"line":258,"column":null}},"line":258},"22":{"name":"(anonymous_22)","decl":{"start":{"line":269,"column":32},"end":{"line":269,"column":33}},"loc":{"start":{"line":270,"column":18},"end":{"line":280,"column":null}},"line":270},"23":{"name":"(anonymous_23)","decl":{"start":{"line":272,"column":29},"end":{"line":272,"column":35}},"loc":{"start":{"line":272,"column":35},"end":{"line":272,"column":null}},"line":272},"24":{"name":"(anonymous_24)","decl":{"start":{"line":290,"column":39},"end":{"line":290,"column":40}},"loc":{"start":{"line":291,"column":22},"end":{"line":343,"column":null}},"line":291},"25":{"name":"(anonymous_25)","decl":{"start":{"line":293,"column":33},"end":{"line":293,"column":39}},"loc":{"start":{"line":293,"column":39},"end":{"line":293,"column":null}},"line":293}},"branchMap":{"0":{"loc":{"start":{"line":51,"column":4},"end":{"line":53,"column":null}},"type":"if","locations":[{"start":{"line":51,"column":4},"end":{"line":53,"column":null}},{"start":{},"end":{}}],"line":51},"1":{"loc":{"start":{"line":51,"column":8},"end":{"line":51,"column":42}},"type":"binary-expr","locations":[{"start":{"line":51,"column":8},"end":{"line":51,"column":20}},{"start":{"line":51,"column":20},"end":{"line":51,"column":42}}],"line":51},"2":{"loc":{"start":{"line":56,"column":4},"end":{"line":62,"column":null}},"type":"if","locations":[{"start":{"line":56,"column":4},"end":{"line":62,"column":null}},{"start":{},"end":{}}],"line":56},"3":{"loc":{"start":{"line":58,"column":8},"end":{"line":60,"column":null}},"type":"binary-expr","locations":[{"start":{"line":58,"column":8},"end":{"line":58,"column":null}},{"start":{"line":59,"column":8},"end":{"line":59,"column":null}},{"start":{"line":60,"column":8},"end":{"line":60,"column":null}}],"line":58},"4":{"loc":{"start":{"line":93,"column":6},"end":{"line":95,"column":null}},"type":"if","locations":[{"start":{"line":93,"column":6},"end":{"line":95,"column":null}},{"start":{},"end":{}}],"line":93},"5":{"loc":{"start":{"line":93,"column":10},"end":{"line":93,"column":74}},"type":"binary-expr","locations":[{"start":{"line":93,"column":10},"end":{"line":93,"column":31}},{"start":{"line":93,"column":31},"end":{"line":93,"column":74}}],"line":93},"6":{"loc":{"start":{"line":104,"column":4},"end":{"line":113,"column":null}},"type":"switch","locations":[{"start":{"line":105,"column":6},"end":{"line":106,"column":null}},{"start":{"line":107,"column":6},"end":{"line":108,"column":null}},{"start":{"line":109,"column":6},"end":{"line":110,"column":null}},{"start":{"line":111,"column":6},"end":{"line":112,"column":null}}],"line":104},"7":{"loc":{"start":{"line":186,"column":15},"end":{"line":193,"column":null}},"type":"cond-expr","locations":[{"start":{"line":187,"column":16},"end":{"line":189,"column":null}},{"start":{"line":191,"column":16},"end":{"line":193,"column":null}}],"line":186},"8":{"loc":{"start":{"line":200,"column":9},"end":{"line":222,"column":null}},"type":"binary-expr","locations":[{"start":{"line":200,"column":9},"end":{"line":200,"column":null}},{"start":{"line":201,"column":10},"end":{"line":222,"column":null}}],"line":200},"9":{"loc":{"start":{"line":227,"column":7},"end":{"line":378,"column":null}},"type":"binary-expr","locations":[{"start":{"line":227,"column":7},"end":{"line":227,"column":null}},{"start":{"line":228,"column":8},"end":{"line":378,"column":null}}],"line":227},"10":{"loc":{"start":{"line":274,"column":32},"end":{"line":276,"column":null}},"type":"cond-expr","locations":[{"start":{"line":275,"column":34},"end":{"line":275,"column":null}},{"start":{"line":276,"column":34},"end":{"line":276,"column":null}}],"line":274},"11":{"loc":{"start":{"line":274,"column":32},"end":{"line":274,"column":null}},"type":"binary-expr","locations":[{"start":{"line":274,"column":32},"end":{"line":274,"column":66}},{"start":{"line":274,"column":66},"end":{"line":274,"column":90}},{"start":{"line":274,"column":90},"end":{"line":274,"column":null}}],"line":274},"12":{"loc":{"start":{"line":287,"column":15},"end":{"line":374,"column":null}},"type":"cond-expr","locations":[{"start":{"line":288,"column":16},"end":{"line":359,"column":null}},{"start":{"line":362,"column":16},"end":{"line":374,"column":null}}],"line":287},"13":{"loc":{"start":{"line":287,"column":15},"end":{"line":287,"column":null}},"type":"binary-expr","locations":[{"start":{"line":287,"column":15},"end":{"line":287,"column":30}},{"start":{"line":287,"column":30},"end":{"line":287,"column":null}}],"line":287},"14":{"loc":{"start":{"line":288,"column":16},"end":{"line":359,"column":null}},"type":"cond-expr","locations":[{"start":{"line":289,"column":18},"end":{"line":345,"column":null}},{"start":{"line":347,"column":18},"end":{"line":359,"column":null}}],"line":288}},"s":{"0":1,"1":95,"2":95,"3":95,"4":95,"5":95,"6":95,"7":95,"8":95,"9":95,"10":95,"11":11,"12":11,"13":8,"14":8,"15":3,"16":3,"17":95,"18":11,"19":11,"20":11,"21":2,"22":3,"23":11,"24":9,"25":21,"26":6,"27":11,"28":95,"29":2,"30":2,"31":95,"32":9,"33":9,"34":9,"35":95,"36":0,"37":0,"38":0,"39":0,"40":0,"41":0,"42":95,"43":46,"44":1,"45":1,"46":46,"47":46,"48":46,"49":95,"50":7,"51":2,"52":4,"53":1,"54":0,"55":95,"56":380,"57":20,"58":0,"59":5,"60":16,"61":1,"62":0,"63":1,"64":1,"65":320,"66":2,"67":7,"68":0},"f":{"0":95,"1":11,"2":11,"3":3,"4":21,"5":6,"6":2,"7":9,"8":0,"9":46,"10":1,"11":46,"12":7,"13":380,"14":20,"15":0,"16":5,"17":16,"18":1,"19":0,"20":1,"21":1,"22":320,"23":2,"24":7,"25":0},"b":{"0":[2,9],"1":[11,2],"2":[9,2],"3":[21,15,15],"4":[1,0],"5":[1,1],"6":[2,4,1,0],"7":[4,91],"8":[95,4],"9":[95,40],"10":[40,280],"11":[320,317,40],"12":[20,20],"13":[40,23],"14":[7,13]},"meta":{"lastBranch":15,"lastFunction":26,"lastStatement":69,"seen":{"s:5:15:382:Infinity":0,"f:5:15:5:21":0,"s:6:46:6:Infinity":1,"s:7:38:7:Infinity":2,"s:8:36:8:Infinity":3,"s:9:46:9:Infinity":4,"s:10:40:10:Infinity":5,"s:11:8:11:Infinity":6,"s:12:8:12:Infinity":7,"s:14:21:19:Infinity":8,"s:21:21:30:Infinity":9,"s:33:23:42:Infinity":10,"f:33:23:33:35":1,"s:34:4:41:Infinity":11,"s:35:23:35:Infinity":12,"s:36:19:36:Infinity":13,"s:37:6:37:Infinity":14,"s:39:6:39:Infinity":15,"s:40:6:40:Infinity":16,"s:45:23:65:Infinity":17,"f:45:23:45:30":2,"s:46:20:46:Infinity":18,"s:48:19:48:Infinity":19,"b:51:4:53:Infinity:undefined:undefined:undefined:undefined":0,"s:51:4:53:Infinity":20,"b:51:8:51:20:51:20:51:42":1,"s:52:6:52:Infinity":21,"f:52:33:52:43":3,"s:52:43:52:71":22,"b:56:4:62:Infinity:undefined:undefined:undefined:undefined":2,"s:56:4:62:Infinity":23,"s:57:6:61:Infinity":24,"f:57:33:57:Infinity":4,"s:58:8:60:Infinity":25,"b:58:8:58:Infinity:59:8:59:Infinity:60:8:60:Infinity":3,"f:60:33:60:40":5,"s:60:40:60:87":26,"s:64:4:64:Infinity":27,"s:68:31:71:Infinity":28,"f:68:31:68:32":6,"s:69:4:69:Infinity":29,"s:70:4:70:Infinity":30,"s:74:28:78:Infinity":31,"f:74:28:74:29":7,"s:75:18:75:Infinity":32,"s:76:4:76:Infinity":33,"s:77:4:77:Infinity":34,"s:81:28:88:Infinity":35,"f:81:28:81:29":8,"s:82:4:82:Infinity":36,"s:83:4:83:Infinity":37,"s:84:4:84:Infinity":38,"s:85:4:85:Infinity":39,"s:86:4:86:Infinity":40,"s:87:4:87:Infinity":41,"s:91:2:100:Infinity":42,"f:91:12:91:18":9,"s:92:31:96:Infinity":43,"f:92:31:92:32":10,"b:93:6:95:Infinity:undefined:undefined:undefined:undefined":4,"s:93:6:95:Infinity":44,"b:93:10:93:31:93:31:93:74":5,"s:94:8:94:Infinity":45,"s:98:4:98:Infinity":46,"s:99:4:99:Infinity":47,"f:99:11:99:17":11,"s:99:17:99:Infinity":48,"s:103:29:114:Infinity":49,"f:103:29:103:30":12,"b:105:6:106:Infinity:107:6:108:Infinity:109:6:110:Infinity:111:6:112:Infinity":6,"s:104:4:113:Infinity":50,"s:106:8:106:Infinity":51,"s:108:8:108:Infinity":52,"s:110:8:110:Infinity":53,"s:112:8:112:Infinity":54,"s:116:2:380:Infinity":55,"f:133:28:133:29":13,"s:134:14:142:Infinity":56,"f:147:23:147:29":14,"s:147:29:147:Infinity":57,"f:170:23:170:29":15,"s:170:29:170:Infinity":58,"f:183:23:183:29":16,"s:183:29:183:Infinity":59,"b:187:16:189:Infinity:191:16:193:Infinity":7,"b:200:9:200:Infinity:201:10:222:Infinity":8,"f:203:30:203:31":17,"s:204:16:212:Infinity":60,"f:207:27:207:33":18,"s:207:33:207:Infinity":61,"f:216:25:216:31":19,"s:216:31:216:Infinity":62,"b:227:7:227:Infinity:228:8:378:Infinity":9,"f:232:21:232:27":20,"s:232:27:232:Infinity":63,"f:258:27:258:33":21,"s:258:33:258:Infinity":64,"f:269:32:269:33":22,"s:270:18:280:Infinity":65,"f:272:29:272:35":23,"s:272:35:272:Infinity":66,"b:275:34:275:Infinity:276:34:276:Infinity":10,"b:274:32:274:66:274:66:274:90:274:90:274:Infinity":11,"b:288:16:359:Infinity:362:16:374:Infinity":12,"b:287:15:287:30:287:30:287:Infinity":13,"b:289:18:345:Infinity:347:18:359:Infinity":14,"f:290:39:290:40":24,"s:291:22:343:Infinity":67,"f:293:33:293:39":25,"s:293:39:293:Infinity":68}}}
,"/Users/rodrigosanchez/Library/Mobile Documents/com~apple~CloudDocs/DUOC/DESARROLLO FRONTEND II_001A/Semana 8/recetas-react-vite-rest-graphql/src/components/recipes/RecipeCard.jsx": {"path":"/Users/rodrigosanchez/Library/Mobile Documents/com~apple~CloudDocs/DUOC/DESARROLLO FRONTEND II_001A/Semana 8/recetas-react-vite-rest-graphql/src/components/recipes/RecipeCard.jsx","statementMap":{"0":{"start":{"line":4,"column":19},"end":{"line":132,"column":null}},"1":{"start":{"line":5,"column":37},"end":{"line":5,"column":null}},"2":{"start":{"line":6,"column":24},"end":{"line":6,"column":null}},"3":{"start":{"line":8,"column":31},"end":{"line":12,"column":null}},"4":{"start":{"line":9,"column":4},"end":{"line":9,"column":null}},"5":{"start":{"line":10,"column":4},"end":{"line":10,"column":null}},"6":{"start":{"line":11,"column":4},"end":{"line":11,"column":null}},"7":{"start":{"line":14,"column":29},"end":{"line":25,"column":null}},"8":{"start":{"line":15,"column":4},"end":{"line":24,"column":null}},"9":{"start":{"line":17,"column":8},"end":{"line":17,"column":null}},"10":{"start":{"line":19,"column":8},"end":{"line":19,"column":null}},"11":{"start":{"line":21,"column":8},"end":{"line":21,"column":null}},"12":{"start":{"line":23,"column":8},"end":{"line":23,"column":null}},"13":{"start":{"line":27,"column":2},"end":{"line":130,"column":null}}},"fnMap":{"0":{"name":"(anonymous_0)","decl":{"start":{"line":4,"column":19},"end":{"line":4,"column":20}},"loc":{"start":{"line":4,"column":35},"end":{"line":132,"column":null}},"line":4},"1":{"name":"(anonymous_1)","decl":{"start":{"line":8,"column":31},"end":{"line":8,"column":32}},"loc":{"start":{"line":8,"column":38},"end":{"line":12,"column":null}},"line":8},"2":{"name":"(anonymous_2)","decl":{"start":{"line":14,"column":29},"end":{"line":14,"column":30}},"loc":{"start":{"line":14,"column":45},"end":{"line":25,"column":null}},"line":14}},"branchMap":{"0":{"loc":{"start":{"line":15,"column":4},"end":{"line":24,"column":null}},"type":"switch","locations":[{"start":{"line":16,"column":6},"end":{"line":17,"column":null}},{"start":{"line":18,"column":6},"end":{"line":19,"column":null}},{"start":{"line":20,"column":6},"end":{"line":21,"column":null}},{"start":{"line":22,"column":6},"end":{"line":23,"column":null}}],"line":15},"1":{"loc":{"start":{"line":117,"column":25},"end":{"line":119,"column":85}},"type":"cond-expr","locations":[{"start":{"line":118,"column":27},"end":{"line":118,"column":null}},{"start":{"line":119,"column":27},"end":{"line":119,"column":85}}],"line":117},"2":{"loc":{"start":{"line":121,"column":45},"end":{"line":121,"column":86}},"type":"cond-expr","locations":[{"start":{"line":121,"column":61},"end":{"line":121,"column":78}},{"start":{"line":121,"column":78},"end":{"line":121,"column":86}}],"line":121},"3":{"loc":{"start":{"line":125,"column":15},"end":{"line":125,"column":null}},"type":"cond-expr","locations":[{"start":{"line":125,"column":31},"end":{"line":125,"column":51}},{"start":{"line":125,"column":51},"end":{"line":125,"column":null}}],"line":125}},"s":{"0":3,"1":153,"2":153,"3":153,"4":1,"5":1,"6":1,"7":153,"8":153,"9":93,"10":59,"11":1,"12":0,"13":153},"f":{"0":153,"1":1,"2":153},"b":{"0":[93,59,1,0],"1":[1,152],"2":[1,152],"3":[1,152]},"meta":{"lastBranch":4,"lastFunction":3,"lastStatement":14,"seen":{"s:4:19:132:Infinity":0,"f:4:19:4:20":0,"s:5:37:5:Infinity":1,"s:6:24:6:Infinity":2,"s:8:31:12:Infinity":3,"f:8:31:8:32":1,"s:9:4:9:Infinity":4,"s:10:4:10:Infinity":5,"s:11:4:11:Infinity":6,"s:14:29:25:Infinity":7,"f:14:29:14:30":2,"b:16:6:17:Infinity:18:6:19:Infinity:20:6:21:Infinity:22:6:23:Infinity":0,"s:15:4:24:Infinity":8,"s:17:8:17:Infinity":9,"s:19:8:19:Infinity":10,"s:21:8:21:Infinity":11,"s:23:8:23:Infinity":12,"s:27:2:130:Infinity":13,"b:118:27:118:Infinity:119:27:119:85":1,"b:121:61:121:78:121:78:121:86":2,"b:125:31:125:51:125:51:125:Infinity":3}}}
,"/Users/rodrigosanchez/Library/Mobile Documents/com~apple~CloudDocs/DUOC/DESARROLLO FRONTEND II_001A/Semana 8/recetas-react-vite-rest-graphql/src/components/recipes/RecipePDF.jsx": {"path":"/Users/rodrigosanchez/Library/Mobile Documents/com~apple~CloudDocs/DUOC/DESARROLLO FRONTEND II_001A/Semana 8/recetas-react-vite-rest-graphql/src/components/recipes/RecipePDF.jsx","statementMap":{"0":{"start":{"line":21,"column":18},"end":{"line":409,"column":null}},"1":{"start":{"line":22,"column":8},"end":{"line":22,"column":null}},"2":{"start":{"line":24,"column":25},"end":{"line":225,"column":null}},"3":{"start":{"line":25,"column":25},"end":{"line":25,"column":null}},"4":{"start":{"line":26,"column":28},"end":{"line":26,"column":null}},"5":{"start":{"line":29,"column":24},"end":{"line":29,"column":null}},"6":{"start":{"line":221,"column":4},"end":{"line":221,"column":null}},"7":{"start":{"line":222,"column":4},"end":{"line":222,"column":null}},"8":{"start":{"line":223,"column":4},"end":{"line":223,"column":null}},"9":{"start":{"line":224,"column":4},"end":{"line":224,"column":null}},"10":{"start":{"line":228,"column":30},"end":{"line":236,"column":null}},"11":{"start":{"line":229,"column":4},"end":{"line":229,"column":null}},"12":{"start":{"line":229,"column":22},"end":{"line":229,"column":null}},"13":{"start":{"line":231,"column":18},"end":{"line":234,"column":null}},"14":{"start":{"line":233,"column":22},"end":{"line":233,"column":52}},"15":{"start":{"line":234,"column":19},"end":{"line":234,"column":30}},"16":{"start":{"line":235,"column":4},"end":{"line":235,"column":null}},"17":{"start":{"line":238,"column":22},"end":{"line":253,"column":null}},"18":{"start":{"line":239,"column":18},"end":{"line":239,"column":null}},"19":{"start":{"line":240,"column":22},"end":{"line":240,"column":null}},"20":{"start":{"line":241,"column":21},"end":{"line":241,"column":null}},"21":{"start":{"line":243,"column":4},"end":{"line":251,"column":null}},"22":{"start":{"line":243,"column":17},"end":{"line":243,"column":20}},"23":{"start":{"line":244,"column":6},"end":{"line":250,"column":null}},"24":{"start":{"line":245,"column":8},"end":{"line":245,"column":null}},"25":{"start":{"line":246,"column":6},"end":{"line":250,"column":null}},"26":{"start":{"line":247,"column":8},"end":{"line":247,"column":null}},"27":{"start":{"line":249,"column":8},"end":{"line":249,"column":null}},"28":{"start":{"line":252,"column":4},"end":{"line":252,"column":null}},"29":{"start":{"line":255,"column":29},"end":{"line":263,"column":null}},"30":{"start":{"line":256,"column":4},"end":{"line":262,"column":null}},"31":{"start":{"line":257,"column":20},"end":{"line":257,"column":null}},"32":{"start":{"line":258,"column":20},"end":{"line":258,"column":null}},"33":{"start":{"line":260,"column":22},"end":{"line":260,"column":null}},"34":{"start":{"line":261,"column":15},"end":{"line":261,"column":null}},"35":{"start":{"line":265,"column":27},"end":{"line":265,"column":null}},"36":{"start":{"line":267,"column":2},"end":{"line":407,"column":null}},"37":{"start":{"line":273,"column":115},"end":{"line":273,"column":null}},"38":{"start":{"line":338,"column":22},"end":{"line":338,"column":null}},"39":{"start":{"line":359,"column":20},"end":{"line":365,"column":null}},"40":{"start":{"line":380,"column":20},"end":{"line":387,"column":null}}},"fnMap":{"0":{"name":"(anonymous_0)","decl":{"start":{"line":21,"column":18},"end":{"line":21,"column":19}},"loc":{"start":{"line":21,"column":43},"end":{"line":409,"column":null}},"line":21},"1":{"name":"(anonymous_1)","decl":{"start":{"line":24,"column":25},"end":{"line":24,"column":31}},"loc":{"start":{"line":24,"column":31},"end":{"line":225,"column":null}},"line":24},"2":{"name":"(anonymous_2)","decl":{"start":{"line":228,"column":30},"end":{"line":228,"column":31}},"loc":{"start":{"line":228,"column":47},"end":{"line":236,"column":null}},"line":228},"3":{"name":"(anonymous_3)","decl":{"start":{"line":233,"column":14},"end":{"line":233,"column":22}},"loc":{"start":{"line":233,"column":22},"end":{"line":233,"column":52}},"line":233},"4":{"name":"(anonymous_4)","decl":{"start":{"line":234,"column":11},"end":{"line":234,"column":19}},"loc":{"start":{"line":234,"column":19},"end":{"line":234,"column":30}},"line":234},"5":{"name":"(anonymous_5)","decl":{"start":{"line":238,"column":22},"end":{"line":238,"column":23}},"loc":{"start":{"line":238,"column":34},"end":{"line":253,"column":null}},"line":238},"6":{"name":"(anonymous_6)","decl":{"start":{"line":255,"column":29},"end":{"line":255,"column":30}},"loc":{"start":{"line":255,"column":45},"end":{"line":263,"column":null}},"line":255},"7":{"name":"(anonymous_7)","decl":{"start":{"line":273,"column":110},"end":{"line":273,"column":115}},"loc":{"start":{"line":273,"column":115},"end":{"line":273,"column":null}},"line":273},"8":{"name":"(anonymous_8)","decl":{"start":{"line":337,"column":75},"end":{"line":337,"column":76}},"loc":{"start":{"line":338,"column":22},"end":{"line":338,"column":null}},"line":338},"9":{"name":"(anonymous_9)","decl":{"start":{"line":358,"column":42},"end":{"line":358,"column":43}},"loc":{"start":{"line":359,"column":20},"end":{"line":365,"column":null}},"line":359},"10":{"name":"(anonymous_10)","decl":{"start":{"line":379,"column":40},"end":{"line":379,"column":41}},"loc":{"start":{"line":380,"column":20},"end":{"line":387,"column":null}},"line":380}},"branchMap":{"0":{"loc":{"start":{"line":229,"column":4},"end":{"line":229,"column":null}},"type":"if","locations":[{"start":{"line":229,"column":4},"end":{"line":229,"column":null}},{"start":{},"end":{}}],"line":229},"1":{"loc":{"start":{"line":233,"column":22},"end":{"line":233,"column":52}},"type":"binary-expr","locations":[{"start":{"line":233,"column":22},"end":{"line":233,"column":30}},{"start":{"line":233,"column":30},"end":{"line":233,"column":52}}],"line":233},"2":{"loc":{"start":{"line":240,"column":33},"end":{"line":240,"column":44}},"type":"binary-expr","locations":[{"start":{"line":240,"column":33},"end":{"line":240,"column":43}},{"start":{"line":240,"column":43},"end":{"line":240,"column":44}}],"line":240},"3":{"loc":{"start":{"line":244,"column":6},"end":{"line":250,"column":null}},"type":"if","locations":[{"start":{"line":244,"column":6},"end":{"line":250,"column":null}},{"start":{"line":246,"column":6},"end":{"line":250,"column":null}}],"line":244},"4":{"loc":{"start":{"line":246,"column":6},"end":{"line":250,"column":null}},"type":"if","locations":[{"start":{"line":246,"column":6},"end":{"line":250,"column":null}},{"start":{"line":248,"column":13},"end":{"line":250,"column":null}}],"line":246},"5":{"loc":{"start":{"line":246,"column":17},"end":{"line":246,"column":45}},"type":"binary-expr","locations":[{"start":{"line":246,"column":17},"end":{"line":246,"column":36}},{"start":{"line":246,"column":36},"end":{"line":246,"column":45}}],"line":246},"6":{"loc":{"start":{"line":256,"column":4},"end":{"line":262,"column":null}},"type":"switch","locations":[{"start":{"line":257,"column":6},"end":{"line":257,"column":null}},{"start":{"line":258,"column":6},"end":{"line":258,"column":null}},{"start":{"line":259,"column":6},"end":{"line":259,"column":null}},{"start":{"line":260,"column":6},"end":{"line":260,"column":null}},{"start":{"line":261,"column":6},"end":{"line":261,"column":null}}],"line":256},"7":{"loc":{"start":{"line":265,"column":27},"end":{"line":265,"column":null}},"type":"binary-expr","locations":[{"start":{"line":265,"column":27},"end":{"line":265,"column":50}},{"start":{"line":265,"column":50},"end":{"line":265,"column":null}}],"line":265},"8":{"loc":{"start":{"line":351,"column":13},"end":{"line":368,"column":null}},"type":"binary-expr","locations":[{"start":{"line":351,"column":13},"end":{"line":351,"column":35}},{"start":{"line":351,"column":35},"end":{"line":351,"column":null}},{"start":{"line":352,"column":14},"end":{"line":368,"column":null}}],"line":351},"9":{"loc":{"start":{"line":372,"column":13},"end":{"line":390,"column":null}},"type":"binary-expr","locations":[{"start":{"line":372,"column":13},"end":{"line":372,"column":33}},{"start":{"line":372,"column":33},"end":{"line":372,"column":null}},{"start":{"line":373,"column":14},"end":{"line":390,"column":null}}],"line":372}},"s":{"0":3,"1":32,"2":32,"3":1,"4":1,"5":1,"6":1,"7":1,"8":1,"9":1,"10":32,"11":32,"12":2,"13":30,"14":116,"15":116,"16":30,"17":32,"18":32,"19":32,"20":32,"21":32,"22":32,"23":160,"24":112,"25":48,"26":28,"27":20,"28":32,"29":32,"30":32,"31":0,"32":29,"33":0,"34":3,"35":32,"36":32,"37":3,"38":61,"39":110,"40":116},"f":{"0":32,"1":1,"2":32,"3":116,"4":116,"5":32,"6":32,"7":3,"8":61,"9":110,"10":116},"b":{"0":[2,30],"1":[116,116],"2":[32,4],"3":[112,48],"4":[28,20],"5":[48,32],"6":[0,29,0,0,3],"7":[32,32],"8":[32,30,29],"9":[32,32,30]},"meta":{"lastBranch":10,"lastFunction":11,"lastStatement":41,"seen":{"s:21:18:409:Infinity":0,"f:21:18:21:19":0,"s:22:8:22:Infinity":1,"s:24:25:225:Infinity":2,"f:24:25:24:31":1,"s:25:25:25:Infinity":3,"s:26:28:26:Infinity":4,"s:29:24:29:Infinity":5,"s:221:4:221:Infinity":6,"s:222:4:222:Infinity":7,"s:223:4:223:Infinity":8,"s:224:4:224:Infinity":9,"s:228:30:236:Infinity":10,"f:228:30:228:31":2,"b:229:4:229:Infinity:undefined:undefined:undefined:undefined":0,"s:229:4:229:Infinity":11,"s:229:22:229:Infinity":12,"s:231:18:234:Infinity":13,"f:233:14:233:22":3,"s:233:22:233:52":14,"b:233:22:233:30:233:30:233:52":1,"f:234:11:234:19":4,"s:234:19:234:30":15,"s:235:4:235:Infinity":16,"s:238:22:253:Infinity":17,"f:238:22:238:23":5,"s:239:18:239:Infinity":18,"s:240:22:240:Infinity":19,"b:240:33:240:43:240:43:240:44":2,"s:241:21:241:Infinity":20,"s:243:4:251:Infinity":21,"s:243:17:243:20":22,"b:244:6:250:Infinity:246:6:250:Infinity":3,"s:244:6:250:Infinity":23,"s:245:8:245:Infinity":24,"b:246:6:250:Infinity:248:13:250:Infinity":4,"s:246:6:250:Infinity":25,"b:246:17:246:36:246:36:246:45":5,"s:247:8:247:Infinity":26,"s:249:8:249:Infinity":27,"s:252:4:252:Infinity":28,"s:255:29:263:Infinity":29,"f:255:29:255:30":6,"b:257:6:257:Infinity:258:6:258:Infinity:259:6:259:Infinity:260:6:260:Infinity:261:6:261:Infinity":6,"s:256:4:262:Infinity":30,"s:257:20:257:Infinity":31,"s:258:20:258:Infinity":32,"s:260:22:260:Infinity":33,"s:261:15:261:Infinity":34,"s:265:27:265:Infinity":35,"b:265:27:265:50:265:50:265:Infinity":7,"s:267:2:407:Infinity":36,"f:273:110:273:115":7,"s:273:115:273:Infinity":37,"f:337:75:337:76":8,"s:338:22:338:Infinity":38,"b:351:13:351:35:351:35:351:Infinity:352:14:368:Infinity":8,"f:358:42:358:43":9,"s:359:20:365:Infinity":39,"b:372:13:372:33:372:33:372:Infinity:373:14:390:Infinity":9,"f:379:40:379:41":10,"s:380:20:387:Infinity":40}}}
,"/Users/rodrigosanchez/Library/Mobile Documents/com~apple~CloudDocs/DUOC/DESARROLLO FRONTEND II_001A/Semana 8/recetas-react-vite-rest-graphql/src/components/ui/EmptyState.jsx": {"path":"/Users/rodrigosanchez/Library/Mobile Documents/com~apple~CloudDocs/DUOC/DESARROLLO FRONTEND II_001A/Semana 8/recetas-react-vite-rest-graphql/src/components/ui/EmptyState.jsx","statementMap":{"0":{"start":{"line":3,"column":19},"end":{"line":82,"column":null}},"1":{"start":{"line":14,"column":29},"end":{"line":14,"column":null}},"2":{"start":{"line":15,"column":29},"end":{"line":15,"column":null}},"3":{"start":{"line":17,"column":2},"end":{"line":80,"column":null}}},"fnMap":{"0":{"name":"(anonymous_0)","decl":{"start":{"line":3,"column":19},"end":{"line":3,"column":20}},"loc":{"start":{"line":12,"column":6},"end":{"line":82,"column":null}},"line":12}},"branchMap":{"0":{"loc":{"start":{"line":4,"column":2},"end":{"line":4,"column":null}},"type":"default-arg","locations":[{"start":{"line":4,"column":10},"end":{"line":4,"column":null}}],"line":4},"1":{"loc":{"start":{"line":14,"column":29},"end":{"line":14,"column":null}},"type":"binary-expr","locations":[{"start":{"line":14,"column":29},"end":{"line":14,"column":44}},{"start":{"line":14,"column":44},"end":{"line":14,"column":55}},{"start":{"line":14,"column":55},"end":{"line":14,"column":null}}],"line":14},"2":{"loc":{"start":{"line":15,"column":29},"end":{"line":15,"column":null}},"type":"binary-expr","locations":[{"start":{"line":15,"column":29},"end":{"line":15,"column":44}},{"start":{"line":15,"column":44},"end":{"line":15,"column":null}}],"line":15},"3":{"loc":{"start":{"line":30,"column":13},"end":{"line":36,"column":null}},"type":"cond-expr","locations":[{"start":{"line":31,"column":14},"end":{"line":31,"column":null}},{"start":{"line":33,"column":14},"end":{"line":36,"column":null}}],"line":30},"4":{"loc":{"start":{"line":51,"column":7},"end":{"line":63,"column":null}},"type":"binary-expr","locations":[{"start":{"line":51,"column":7},"end":{"line":51,"column":21}},{"start":{"line":51,"column":21},"end":{"line":51,"column":null}},{"start":{"line":52,"column":8},"end":{"line":63,"column":null}}],"line":51},"5":{"loc":{"start":{"line":66,"column":7},"end":{"line":78,"column":null}},"type":"binary-expr","locations":[{"start":{"line":66,"column":7},"end":{"line":66,"column":17}},{"start":{"line":66,"column":17},"end":{"line":66,"column":39}},{"start":{"line":66,"column":39},"end":{"line":66,"column":null}},{"start":{"line":67,"column":8},"end":{"line":78,"column":null}}],"line":66}},"s":{"0":3,"1":46,"2":46,"3":46},"f":{"0":46},"b":{"0":[46],"1":[46,10,7],"2":[46,44],"3":[0,46],"4":[46,3,3],"5":[46,38,37,37]},"meta":{"lastBranch":6,"lastFunction":1,"lastStatement":4,"seen":{"s:3:19:82:Infinity":0,"f:3:19:3:20":0,"b:4:10:4:Infinity":0,"s:14:29:14:Infinity":1,"b:14:29:14:44:14:44:14:55:14:55:14:Infinity":1,"s:15:29:15:Infinity":2,"b:15:29:15:44:15:44:15:Infinity":2,"s:17:2:80:Infinity":3,"b:31:14:31:Infinity:33:14:36:Infinity":3,"b:51:7:51:21:51:21:51:Infinity:52:8:63:Infinity":4,"b:66:7:66:17:66:17:66:39:66:39:66:Infinity:67:8:78:Infinity":5}}}
,"/Users/rodrigosanchez/Library/Mobile Documents/com~apple~CloudDocs/DUOC/DESARROLLO FRONTEND II_001A/Semana 8/recetas-react-vite-rest-graphql/src/components/ui/ErrorMessage.jsx": {"path":"/Users/rodrigosanchez/Library/Mobile Documents/com~apple~CloudDocs/DUOC/DESARROLLO FRONTEND II_001A/Semana 8/recetas-react-vite-rest-graphql/src/components/ui/ErrorMessage.jsx","statementMap":{"0":{"start":{"line":1,"column":21},"end":{"line":45,"column":null}},"1":{"start":{"line":2,"column":2},"end":{"line":43,"column":null}}},"fnMap":{"0":{"name":"(anonymous_0)","decl":{"start":{"line":1,"column":21},"end":{"line":1,"column":22}},"loc":{"start":{"line":1,"column":45},"end":{"line":45,"column":null}},"line":1}},"branchMap":{"0":{"loc":{"start":{"line":25,"column":11},"end":{"line":25,"column":null}},"type":"binary-expr","locations":[{"start":{"line":25,"column":11},"end":{"line":25,"column":22}},{"start":{"line":25,"column":22},"end":{"line":25,"column":null}}],"line":25},"1":{"loc":{"start":{"line":27,"column":9},"end":{"line":40,"column":null}},"type":"binary-expr","locations":[{"start":{"line":27,"column":9},"end":{"line":27,"column":null}},{"start":{"line":28,"column":10},"end":{"line":40,"column":null}}],"line":27}},"s":{"0":4,"1":16},"f":{"0":16},"b":{"0":[16,5],"1":[16,11]},"meta":{"lastBranch":2,"lastFunction":1,"lastStatement":2,"seen":{"s:1:21:45:Infinity":0,"f:1:21:1:22":0,"s:2:2:43:Infinity":1,"b:25:11:25:22:25:22:25:Infinity":0,"b:27:9:27:Infinity:28:10:40:Infinity":1}}}
,"/Users/rodrigosanchez/Library/Mobile Documents/com~apple~CloudDocs/DUOC/DESARROLLO FRONTEND II_001A/Semana 8/recetas-react-vite-rest-graphql/src/components/ui/LoadingSpinner.jsx": {"path":"/Users/rodrigosanchez/Library/Mobile Documents/com~apple~CloudDocs/DUOC/DESARROLLO FRONTEND II_001A/Semana 8/recetas-react-vite-rest-graphql/src/components/ui/LoadingSpinner.jsx","statementMap":{"0":{"start":{"line":1,"column":23},"end":{"line":38,"column":null}},"1":{"start":{"line":2,"column":22},"end":{"line":6,"column":null}},"2":{"start":{"line":8,"column":19},"end":{"line":12,"column":null}},"3":{"start":{"line":14,"column":2},"end":{"line":36,"column":null}}},"fnMap":{"0":{"name":"(anonymous_0)","decl":{"start":{"line":1,"column":23},"end":{"line":1,"column":24}},"loc":{"start":{"line":1,"column":66},"end":{"line":38,"column":null}},"line":1}},"branchMap":{"0":{"loc":{"start":{"line":1,"column":26},"end":{"line":1,"column":39}},"type":"default-arg","locations":[{"start":{"line":1,"column":33},"end":{"line":1,"column":39}}],"line":1},"1":{"loc":{"start":{"line":1,"column":39},"end":{"line":1,"column":60}},"type":"default-arg","locations":[{"start":{"line":1,"column":46},"end":{"line":1,"column":60}}],"line":1},"2":{"loc":{"start":{"line":29,"column":7},"end":{"line":34,"column":null}},"type":"binary-expr","locations":[{"start":{"line":29,"column":7},"end":{"line":29,"column":null}},{"start":{"line":30,"column":8},"end":{"line":34,"column":null}}],"line":29}},"s":{"0":4,"1":124,"2":124,"3":124},"f":{"0":124},"b":{"0":[124],"1":[124],"2":[124,123]},"meta":{"lastBranch":3,"lastFunction":1,"lastStatement":4,"seen":{"s:1:23:38:Infinity":0,"f:1:23:1:24":0,"b:1:33:1:39":0,"b:1:46:1:60":1,"s:2:22:6:Infinity":1,"s:8:19:12:Infinity":2,"s:14:2:36:Infinity":3,"b:29:7:29:Infinity:30:8:34:Infinity":2}}}
,"/Users/rodrigosanchez/Library/Mobile Documents/com~apple~CloudDocs/DUOC/DESARROLLO FRONTEND II_001A/Semana 8/recetas-react-vite-rest-graphql/src/context/FavoritesContext.jsx": {"path":"/Users/rodrigosanchez/Library/Mobile Documents/com~apple~CloudDocs/DUOC/DESARROLLO FRONTEND II_001A/Semana 8/recetas-react-vite-rest-graphql/src/context/FavoritesContext.jsx","statementMap":{"0":{"start":{"line":4,"column":13},"end":{"line":4,"column":null}},"1":{"start":{"line":8,"column":28},"end":{"line":14,"column":null}},"2":{"start":{"line":9,"column":8},"end":{"line":9,"column":null}},"3":{"start":{"line":10,"column":2},"end":{"line":12,"column":null}},"4":{"start":{"line":11,"column":4},"end":{"line":11,"column":null}},"5":{"start":{"line":13,"column":2},"end":{"line":13,"column":null}},"6":{"start":{"line":16,"column":33},"end":{"line":81,"column":null}},"7":{"start":{"line":17,"column":32},"end":{"line":21,"column":null}},"8":{"start":{"line":19,"column":18},"end":{"line":19,"column":null}},"9":{"start":{"line":20,"column":4},"end":{"line":20,"column":null}},"10":{"start":{"line":23,"column":38},"end":{"line":23,"column":null}},"11":{"start":{"line":26,"column":2},"end":{"line":28,"column":null}},"12":{"start":{"line":27,"column":4},"end":{"line":27,"column":null}},"13":{"start":{"line":30,"column":25},"end":{"line":37,"column":null}},"14":{"start":{"line":31,"column":4},"end":{"line":35,"column":null}},"15":{"start":{"line":32,"column":21},"end":{"line":32,"column":null}},"16":{"start":{"line":32,"column":39},"end":{"line":32,"column":60}},"17":{"start":{"line":33,"column":6},"end":{"line":33,"column":null}},"18":{"start":{"line":33,"column":18},"end":{"line":33,"column":null}},"19":{"start":{"line":34,"column":6},"end":{"line":34,"column":null}},"20":{"start":{"line":36,"column":4},"end":{"line":36,"column":null}},"21":{"start":{"line":39,"column":30},"end":{"line":41,"column":null}},"22":{"start":{"line":40,"column":4},"end":{"line":40,"column":null}},"23":{"start":{"line":40,"column":25},"end":{"line":40,"column":66}},"24":{"start":{"line":40,"column":45},"end":{"line":40,"column":65}},"25":{"start":{"line":43,"column":21},"end":{"line":45,"column":null}},"26":{"start":{"line":44,"column":4},"end":{"line":44,"column":null}},"27":{"start":{"line":44,"column":34},"end":{"line":44,"column":54}},"28":{"start":{"line":47,"column":25},"end":{"line":53,"column":null}},"29":{"start":{"line":48,"column":4},"end":{"line":52,"column":null}},"30":{"start":{"line":49,"column":6},"end":{"line":49,"column":null}},"31":{"start":{"line":51,"column":6},"end":{"line":51,"column":null}},"32":{"start":{"line":55,"column":25},"end":{"line":57,"column":null}},"33":{"start":{"line":56,"column":4},"end":{"line":56,"column":null}},"34":{"start":{"line":59,"column":23},"end":{"line":61,"column":null}},"35":{"start":{"line":60,"column":4},"end":{"line":60,"column":null}},"36":{"start":{"line":60,"column":28},"end":{"line":60,"column":33}},"37":{"start":{"line":63,"column":16},"end":{"line":74,"column":null}},"38":{"start":{"line":76,"column":2},"end":{"line":79,"column":null}}},"fnMap":{"0":{"name":"(anonymous_0)","decl":{"start":{"line":8,"column":28},"end":{"line":8,"column":34}},"loc":{"start":{"line":8,"column":34},"end":{"line":14,"column":null}},"line":8},"1":{"name":"(anonymous_1)","decl":{"start":{"line":16,"column":33},"end":{"line":16,"column":34}},"loc":{"start":{"line":16,"column":51},"end":{"line":81,"column":null}},"line":16},"2":{"name":"(anonymous_2)","decl":{"start":{"line":17,"column":45},"end":{"line":17,"column":51}},"loc":{"start":{"line":17,"column":51},"end":{"line":21,"column":3}},"line":17},"3":{"name":"(anonymous_3)","decl":{"start":{"line":26,"column":12},"end":{"line":26,"column":18}},"loc":{"start":{"line":26,"column":18},"end":{"line":28,"column":5}},"line":26},"4":{"name":"(anonymous_4)","decl":{"start":{"line":30,"column":25},"end":{"line":30,"column":26}},"loc":{"start":{"line":30,"column":37},"end":{"line":37,"column":null}},"line":30},"5":{"name":"(anonymous_5)","decl":{"start":{"line":31,"column":17},"end":{"line":31,"column":25}},"loc":{"start":{"line":31,"column":25},"end":{"line":35,"column":5}},"line":31},"6":{"name":"(anonymous_6)","decl":{"start":{"line":32,"column":31},"end":{"line":32,"column":39}},"loc":{"start":{"line":32,"column":39},"end":{"line":32,"column":60}},"line":32},"7":{"name":"(anonymous_7)","decl":{"start":{"line":39,"column":30},"end":{"line":39,"column":31}},"loc":{"start":{"line":39,"column":44},"end":{"line":41,"column":null}},"line":39},"8":{"name":"(anonymous_8)","decl":{"start":{"line":40,"column":17},"end":{"line":40,"column":25}},"loc":{"start":{"line":40,"column":25},"end":{"line":40,"column":66}},"line":40},"9":{"name":"(anonymous_9)","decl":{"start":{"line":40,"column":37},"end":{"line":40,"column":45}},"loc":{"start":{"line":40,"column":45},"end":{"line":40,"column":65}},"line":40},"10":{"name":"(anonymous_10)","decl":{"start":{"line":43,"column":21},"end":{"line":43,"column":22}},"loc":{"start":{"line":43,"column":35},"end":{"line":45,"column":null}},"line":43},"11":{"name":"(anonymous_11)","decl":{"start":{"line":44,"column":26},"end":{"line":44,"column":34}},"loc":{"start":{"line":44,"column":34},"end":{"line":44,"column":54}},"line":44},"12":{"name":"(anonymous_12)","decl":{"start":{"line":47,"column":25},"end":{"line":47,"column":26}},"loc":{"start":{"line":47,"column":37},"end":{"line":53,"column":null}},"line":47},"13":{"name":"(anonymous_13)","decl":{"start":{"line":55,"column":25},"end":{"line":55,"column":31}},"loc":{"start":{"line":55,"column":31},"end":{"line":57,"column":null}},"line":55},"14":{"name":"(anonymous_14)","decl":{"start":{"line":59,"column":23},"end":{"line":59,"column":29}},"loc":{"start":{"line":59,"column":29},"end":{"line":61,"column":null}},"line":59},"15":{"name":"(anonymous_15)","decl":{"start":{"line":60,"column":20},"end":{"line":60,"column":28}},"loc":{"start":{"line":60,"column":28},"end":{"line":60,"column":33}},"line":60}},"branchMap":{"0":{"loc":{"start":{"line":10,"column":2},"end":{"line":12,"column":null}},"type":"if","locations":[{"start":{"line":10,"column":2},"end":{"line":12,"column":null}},{"start":{},"end":{}}],"line":10},"1":{"loc":{"start":{"line":20,"column":11},"end":{"line":20,"column":null}},"type":"cond-expr","locations":[{"start":{"line":20,"column":19},"end":{"line":20,"column":39}},{"start":{"line":20,"column":39},"end":{"line":20,"column":null}}],"line":20},"2":{"loc":{"start":{"line":33,"column":6},"end":{"line":33,"column":null}},"type":"if","locations":[{"start":{"line":33,"column":6},"end":{"line":33,"column":null}},{"start":{},"end":{}}],"line":33},"3":{"loc":{"start":{"line":48,"column":4},"end":{"line":52,"column":null}},"type":"if","locations":[{"start":{"line":48,"column":4},"end":{"line":52,"column":null}},{"start":{"line":50,"column":11},"end":{"line":52,"column":null}}],"line":48}},"s":{"0":14,"1":14,"2":322,"3":322,"4":2,"5":319,"6":14,"7":212,"8":188,"9":188,"10":212,"11":212,"12":206,"13":212,"14":15,"15":15,"16":3,"17":15,"18":1,"19":14,"20":15,"21":212,"22":3,"23":3,"24":2,"25":212,"26":319,"27":32,"28":212,"29":3,"30":1,"31":2,"32":212,"33":1,"34":212,"35":2,"36":2,"37":212,"38":212},"f":{"0":322,"1":212,"2":188,"3":206,"4":15,"5":15,"6":3,"7":3,"8":3,"9":2,"10":319,"11":32,"12":3,"13":1,"14":2,"15":2},"b":{"0":[2,320],"1":[125,63],"2":[1,14],"3":[1,2]},"meta":{"lastBranch":4,"lastFunction":16,"lastStatement":39,"seen":{"s:4:13:4:Infinity":0,"s:8:28:14:Infinity":1,"f:8:28:8:34":0,"s:9:8:9:Infinity":2,"b:10:2:12:Infinity:undefined:undefined:undefined:undefined":0,"s:10:2:12:Infinity":3,"s:11:4:11:Infinity":4,"s:13:2:13:Infinity":5,"s:16:33:81:Infinity":6,"f:16:33:16:34":1,"s:17:32:21:Infinity":7,"f:17:45:17:51":2,"s:19:18:19:Infinity":8,"s:20:4:20:Infinity":9,"b:20:19:20:39:20:39:20:Infinity":1,"s:23:38:23:Infinity":10,"s:26:2:28:Infinity":11,"f:26:12:26:18":3,"s:27:4:27:Infinity":12,"s:30:25:37:Infinity":13,"f:30:25:30:26":4,"s:31:4:35:Infinity":14,"f:31:17:31:25":5,"s:32:21:32:Infinity":15,"f:32:31:32:39":6,"s:32:39:32:60":16,"b:33:6:33:Infinity:undefined:undefined:undefined:undefined":2,"s:33:6:33:Infinity":17,"s:33:18:33:Infinity":18,"s:34:6:34:Infinity":19,"s:36:4:36:Infinity":20,"s:39:30:41:Infinity":21,"f:39:30:39:31":7,"s:40:4:40:Infinity":22,"f:40:17:40:25":8,"s:40:25:40:66":23,"f:40:37:40:45":9,"s:40:45:40:65":24,"s:43:21:45:Infinity":25,"f:43:21:43:22":10,"s:44:4:44:Infinity":26,"f:44:26:44:34":11,"s:44:34:44:54":27,"s:47:25:53:Infinity":28,"f:47:25:47:26":12,"b:48:4:52:Infinity:50:11:52:Infinity":3,"s:48:4:52:Infinity":29,"s:49:6:49:Infinity":30,"s:51:6:51:Infinity":31,"s:55:25:57:Infinity":32,"f:55:25:55:31":13,"s:56:4:56:Infinity":33,"s:59:23:61:Infinity":34,"f:59:23:59:29":14,"s:60:4:60:Infinity":35,"f:60:20:60:28":15,"s:60:28:60:33":36,"s:63:16:74:Infinity":37,"s:76:2:79:Infinity":38}}}
,"/Users/rodrigosanchez/Library/Mobile Documents/com~apple~CloudDocs/DUOC/DESARROLLO FRONTEND II_001A/Semana 8/recetas-react-vite-rest-graphql/src/pages/About.jsx": {"path":"/Users/rodrigosanchez/Library/Mobile Documents/com~apple~CloudDocs/DUOC/DESARROLLO FRONTEND II_001A/Semana 8/recetas-react-vite-rest-graphql/src/pages/About.jsx","statementMap":{"0":{"start":{"line":1,"column":14},"end":{"line":205,"column":null}},"1":{"start":{"line":2,"column":2},"end":{"line":203,"column":null}},"2":{"start":{"line":81,"column":14},"end":{"line":88,"column":null}}},"fnMap":{"0":{"name":"(anonymous_0)","decl":{"start":{"line":1,"column":14},"end":{"line":1,"column":20}},"loc":{"start":{"line":1,"column":20},"end":{"line":205,"column":null}},"line":1},"1":{"name":"(anonymous_1)","decl":{"start":{"line":80,"column":18},"end":{"line":80,"column":19}},"loc":{"start":{"line":81,"column":14},"end":{"line":88,"column":null}},"line":81}},"branchMap":{},"s":{"0":1,"1":8,"2":40},"f":{"0":8,"1":40},"b":{},"meta":{"lastBranch":0,"lastFunction":2,"lastStatement":3,"seen":{"s:1:14:205:Infinity":0,"f:1:14:1:20":0,"s:2:2:203:Infinity":1,"f:80:18:80:19":1,"s:81:14:88:Infinity":2}}}
,"/Users/rodrigosanchez/Library/Mobile Documents/com~apple~CloudDocs/DUOC/DESARROLLO FRONTEND II_001A/Semana 8/recetas-react-vite-rest-graphql/src/pages/CreateRecipe.jsx": {"path":"/Users/rodrigosanchez/Library/Mobile Documents/com~apple~CloudDocs/DUOC/DESARROLLO FRONTEND II_001A/Semana 8/recetas-react-vite-rest-graphql/src/pages/CreateRecipe.jsx","statementMap":{"0":{"start":{"line":5,"column":21},"end":{"line":327,"column":null}},"1":{"start":{"line":6,"column":8},"end":{"line":6,"column":null}},"2":{"start":{"line":7,"column":30},"end":{"line":17,"column":null}},"3":{"start":{"line":18,"column":28},"end":{"line":18,"column":null}},"4":{"start":{"line":19,"column":24},"end":{"line":19,"column":null}},"5":{"start":{"line":21,"column":21},"end":{"line":30,"column":null}},"6":{"start":{"line":32,"column":23},"end":{"line":32,"column":null}},"7":{"start":{"line":34,"column":23},"end":{"line":40,"column":null}},"8":{"start":{"line":35,"column":28},"end":{"line":35,"column":null}},"9":{"start":{"line":36,"column":4},"end":{"line":39,"column":null}},"10":{"start":{"line":36,"column":25},"end":{"line":39,"column":6}},"11":{"start":{"line":42,"column":23},"end":{"line":73,"column":null}},"12":{"start":{"line":43,"column":4},"end":{"line":43,"column":null}},"13":{"start":{"line":44,"column":4},"end":{"line":44,"column":null}},"14":{"start":{"line":45,"column":4},"end":{"line":45,"column":null}},"15":{"start":{"line":47,"column":4},"end":{"line":72,"column":null}},"16":{"start":{"line":49,"column":31},"end":{"line":52,"column":null}},"17":{"start":{"line":51,"column":18},"end":{"line":51,"column":26}},"18":{"start":{"line":52,"column":21},"end":{"line":52,"column":33}},"19":{"start":{"line":54,"column":25},"end":{"line":59,"column":null}},"20":{"start":{"line":61,"column":23},"end":{"line":61,"column":null}},"21":{"start":{"line":63,"column":6},"end":{"line":67,"column":null}},"22":{"start":{"line":64,"column":8},"end":{"line":64,"column":null}},"23":{"start":{"line":66,"column":8},"end":{"line":66,"column":null}},"24":{"start":{"line":69,"column":6},"end":{"line":69,"column":null}},"25":{"start":{"line":71,"column":6},"end":{"line":71,"column":null}},"26":{"start":{"line":75,"column":2},"end":{"line":325,"column":null}},"27":{"start":{"line":136,"column":20},"end":{"line":136,"column":null}},"28":{"start":{"line":156,"column":20},"end":{"line":156,"column":null}},"29":{"start":{"line":290,"column":29},"end":{"line":290,"column":null}}},"fnMap":{"0":{"name":"(anonymous_0)","decl":{"start":{"line":5,"column":21},"end":{"line":5,"column":27}},"loc":{"start":{"line":5,"column":27},"end":{"line":327,"column":null}},"line":5},"1":{"name":"(anonymous_1)","decl":{"start":{"line":34,"column":23},"end":{"line":34,"column":24}},"loc":{"start":{"line":34,"column":30},"end":{"line":40,"column":null}},"line":34},"2":{"name":"(anonymous_2)","decl":{"start":{"line":36,"column":16},"end":{"line":36,"column":25}},"loc":{"start":{"line":36,"column":25},"end":{"line":39,"column":6}},"line":36},"3":{"name":"(anonymous_3)","decl":{"start":{"line":42,"column":23},"end":{"line":42,"column":30}},"loc":{"start":{"line":42,"column":36},"end":{"line":73,"column":null}},"line":42},"4":{"name":"(anonymous_4)","decl":{"start":{"line":51,"column":13},"end":{"line":51,"column":18}},"loc":{"start":{"line":51,"column":18},"end":{"line":51,"column":26}},"line":51},"5":{"name":"(anonymous_5)","decl":{"start":{"line":52,"column":16},"end":{"line":52,"column":21}},"loc":{"start":{"line":52,"column":21},"end":{"line":52,"column":33}},"line":52},"6":{"name":"(anonymous_6)","decl":{"start":{"line":135,"column":34},"end":{"line":135,"column":null}},"loc":{"start":{"line":136,"column":20},"end":{"line":136,"column":null}},"line":136},"7":{"name":"(anonymous_7)","decl":{"start":{"line":155,"column":36},"end":{"line":155,"column":null}},"loc":{"start":{"line":156,"column":20},"end":{"line":156,"column":null}},"line":156},"8":{"name":"(anonymous_8)","decl":{"start":{"line":290,"column":23},"end":{"line":290,"column":29}},"loc":{"start":{"line":290,"column":29},"end":{"line":290,"column":null}},"line":290}},"branchMap":{"0":{"loc":{"start":{"line":63,"column":6},"end":{"line":67,"column":null}},"type":"if","locations":[{"start":{"line":63,"column":6},"end":{"line":67,"column":null}},{"start":{"line":65,"column":13},"end":{"line":67,"column":null}}],"line":63},"1":{"loc":{"start":{"line":88,"column":9},"end":{"line":91,"column":null}},"type":"binary-expr","locations":[{"start":{"line":88,"column":9},"end":{"line":88,"column":null}},{"start":{"line":89,"column":10},"end":{"line":91,"column":null}}],"line":88},"2":{"loc":{"start":{"line":304,"column":15},"end":{"line":319,"column":null}},"type":"cond-expr","locations":[{"start":{"line":305,"column":16},"end":{"line":311,"column":null}},{"start":{"line":313,"column":16},"end":{"line":319,"column":null}}],"line":304}},"s":{"0":1,"1":121,"2":121,"3":121,"4":121,"5":121,"6":121,"7":121,"8":63,"9":63,"10":63,"11":121,"12":9,"13":9,"14":9,"15":9,"16":9,"17":20,"18":20,"19":9,"20":9,"21":7,"22":6,"23":1,"24":1,"25":8,"26":121,"27":968,"28":363,"29":1},"f":{"0":121,"1":63,"2":63,"3":9,"4":20,"5":20,"6":968,"7":363,"8":1},"b":{"0":[6,1],"1":[121,2],"2":[9,112]},"meta":{"lastBranch":3,"lastFunction":9,"lastStatement":30,"seen":{"s:5:21:327:Infinity":0,"f:5:21:5:27":0,"s:6:8:6:Infinity":1,"s:7:30:17:Infinity":2,"s:18:28:18:Infinity":3,"s:19:24:19:Infinity":4,"s:21:21:30:Infinity":5,"s:32:23:32:Infinity":6,"s:34:23:40:Infinity":7,"f:34:23:34:24":1,"s:35:28:35:Infinity":8,"s:36:4:39:Infinity":9,"f:36:16:36:25":2,"s:36:25:39:6":10,"s:42:23:73:Infinity":11,"f:42:23:42:30":3,"s:43:4:43:Infinity":12,"s:44:4:44:Infinity":13,"s:45:4:45:Infinity":14,"s:47:4:72:Infinity":15,"s:49:31:52:Infinity":16,"f:51:13:51:18":4,"s:51:18:51:26":17,"f:52:16:52:21":5,"s:52:21:52:33":18,"s:54:25:59:Infinity":19,"s:61:23:61:Infinity":20,"b:63:6:67:Infinity:65:13:67:Infinity":0,"s:63:6:67:Infinity":21,"s:64:8:64:Infinity":22,"s:66:8:66:Infinity":23,"s:69:6:69:Infinity":24,"s:71:6:71:Infinity":25,"s:75:2:325:Infinity":26,"b:88:9:88:Infinity:89:10:91:Infinity":1,"f:135:34:135:Infinity":6,"s:136:20:136:Infinity":27,"f:155:36:155:Infinity":7,"s:156:20:156:Infinity":28,"f:290:23:290:29":8,"s:290:29:290:Infinity":29,"b:305:16:311:Infinity:313:16:319:Infinity":2}}}
,"/Users/rodrigosanchez/Library/Mobile Documents/com~apple~CloudDocs/DUOC/DESARROLLO FRONTEND II_001A/Semana 8/recetas-react-vite-rest-graphql/src/pages/Home.jsx": {"path":"/Users/rodrigosanchez/Library/Mobile Documents/com~apple~CloudDocs/DUOC/DESARROLLO FRONTEND II_001A/Semana 8/recetas-react-vite-rest-graphql/src/pages/Home.jsx","statementMap":{"0":{"start":{"line":9,"column":13},"end":{"line":338,"column":null}},"1":{"start":{"line":10,"column":44},"end":{"line":10,"column":null}},"2":{"start":{"line":11,"column":24},"end":{"line":11,"column":null}},"3":{"start":{"line":12,"column":28},"end":{"line":12,"column":null}},"4":{"start":{"line":13,"column":24},"end":{"line":13,"column":null}},"5":{"start":{"line":15,"column":2},"end":{"line":17,"column":null}},"6":{"start":{"line":16,"column":4},"end":{"line":16,"column":null}},"7":{"start":{"line":19,"column":23},"end":{"line":41,"column":null}},"8":{"start":{"line":20,"column":4},"end":{"line":40,"column":null}},"9":{"start":{"line":21,"column":6},"end":{"line":21,"column":null}},"10":{"start":{"line":22,"column":6},"end":{"line":22,"column":null}},"11":{"start":{"line":24,"column":47},"end":{"line":27,"column":null}},"12":{"start":{"line":29,"column":6},"end":{"line":31,"column":null}},"13":{"start":{"line":30,"column":8},"end":{"line":30,"column":null}},"14":{"start":{"line":33,"column":6},"end":{"line":35,"column":null}},"15":{"start":{"line":34,"column":8},"end":{"line":34,"column":null}},"16":{"start":{"line":37,"column":6},"end":{"line":37,"column":null}},"17":{"start":{"line":39,"column":6},"end":{"line":39,"column":null}},"18":{"start":{"line":43,"column":2},"end":{"line":45,"column":null}},"19":{"start":{"line":44,"column":4},"end":{"line":44,"column":null}},"20":{"start":{"line":47,"column":2},"end":{"line":49,"column":null}},"21":{"start":{"line":48,"column":4},"end":{"line":48,"column":null}},"22":{"start":{"line":51,"column":2},"end":{"line":336,"column":null}},"23":{"start":{"line":214,"column":14},"end":{"line":214,"column":null}}},"fnMap":{"0":{"name":"(anonymous_0)","decl":{"start":{"line":9,"column":13},"end":{"line":9,"column":19}},"loc":{"start":{"line":9,"column":19},"end":{"line":338,"column":null}},"line":9},"1":{"name":"(anonymous_1)","decl":{"start":{"line":15,"column":12},"end":{"line":15,"column":18}},"loc":{"start":{"line":15,"column":18},"end":{"line":17,"column":5}},"line":15},"2":{"name":"(anonymous_2)","decl":{"start":{"line":19,"column":23},"end":{"line":19,"column":35}},"loc":{"start":{"line":19,"column":35},"end":{"line":41,"column":null}},"line":19},"3":{"name":"(anonymous_3)","decl":{"start":{"line":213,"column":33},"end":{"line":213,"column":34}},"loc":{"start":{"line":214,"column":14},"end":{"line":214,"column":null}},"line":214}},"branchMap":{"0":{"loc":{"start":{"line":29,"column":6},"end":{"line":31,"column":null}},"type":"if","locations":[{"start":{"line":29,"column":6},"end":{"line":31,"column":null}},{"start":{},"end":{}}],"line":29},"1":{"loc":{"start":{"line":33,"column":6},"end":{"line":35,"column":null}},"type":"if","locations":[{"start":{"line":33,"column":6},"end":{"line":35,"column":null}},{"start":{},"end":{}}],"line":33},"2":{"loc":{"start":{"line":43,"column":2},"end":{"line":45,"column":null}},"type":"if","locations":[{"start":{"line":43,"column":2},"end":{"line":45,"column":null}},{"start":{},"end":{}}],"line":43},"3":{"loc":{"start":{"line":47,"column":2},"end":{"line":49,"column":null}},"type":"if","locations":[{"start":{"line":47,"column":2},"end":{"line":49,"column":null}},{"start":{},"end":{}}],"line":47},"4":{"loc":{"start":{"line":89,"column":7},"end":{"line":181,"column":null}},"type":"binary-expr","locations":[{"start":{"line":89,"column":7},"end":{"line":89,"column":null}},{"start":{"line":90,"column":8},"end":{"line":181,"column":null}}],"line":89}},"s":{"0":1,"1":11,"2":11,"3":11,"4":11,"5":11,"6":6,"7":11,"8":6,"9":6,"10":6,"11":6,"12":4,"13":4,"14":4,"15":4,"16":1,"17":5,"18":11,"19":6,"20":5,"21":1,"22":4,"23":8},"f":{"0":11,"1":6,"2":6,"3":8},"b":{"0":[4,0],"1":[4,0],"2":[6,5],"3":[1,4],"4":[4,4]},"meta":{"lastBranch":5,"lastFunction":4,"lastStatement":24,"seen":{"s:9:13:338:Infinity":0,"f:9:13:9:19":0,"s:10:44:10:Infinity":1,"s:11:24:11:Infinity":2,"s:12:28:12:Infinity":3,"s:13:24:13:Infinity":4,"s:15:2:17:Infinity":5,"f:15:12:15:18":1,"s:16:4:16:Infinity":6,"s:19:23:41:Infinity":7,"f:19:23:19:35":2,"s:20:4:40:Infinity":8,"s:21:6:21:Infinity":9,"s:22:6:22:Infinity":10,"s:24:47:27:Infinity":11,"b:29:6:31:Infinity:undefined:undefined:undefined:undefined":0,"s:29:6:31:Infinity":12,"s:30:8:30:Infinity":13,"b:33:6:35:Infinity:undefined:undefined:undefined:undefined":1,"s:33:6:35:Infinity":14,"s:34:8:34:Infinity":15,"s:37:6:37:Infinity":16,"s:39:6:39:Infinity":17,"b:43:2:45:Infinity:undefined:undefined:undefined:undefined":2,"s:43:2:45:Infinity":18,"s:44:4:44:Infinity":19,"b:47:2:49:Infinity:undefined:undefined:undefined:undefined":3,"s:47:2:49:Infinity":20,"s:48:4:48:Infinity":21,"s:51:2:336:Infinity":22,"b:89:7:89:Infinity:90:8:181:Infinity":4,"f:213:33:213:34":3,"s:214:14:214:Infinity":23}}}
,"/Users/rodrigosanchez/Library/Mobile Documents/com~apple~CloudDocs/DUOC/DESARROLLO FRONTEND II_001A/Semana 8/recetas-react-vite-rest-graphql/src/pages/MyCollection.jsx": {"path":"/Users/rodrigosanchez/Library/Mobile Documents/com~apple~CloudDocs/DUOC/DESARROLLO FRONTEND II_001A/Semana 8/recetas-react-vite-rest-graphql/src/pages/MyCollection.jsx","statementMap":{"0":{"start":{"line":9,"column":21},"end":{"line":191,"column":null}},"1":{"start":{"line":10,"column":57},"end":{"line":10,"column":null}},"2":{"start":{"line":11,"column":42},"end":{"line":11,"column":null}},"3":{"start":{"line":12,"column":28},"end":{"line":12,"column":null}},"4":{"start":{"line":14,"column":28},"end":{"line":17,"column":null}},"5":{"start":{"line":15,"column":4},"end":{"line":15,"column":null}},"6":{"start":{"line":16,"column":4},"end":{"line":16,"column":null}},"7":{"start":{"line":19,"column":29},"end":{"line":30,"column":null}},"8":{"start":{"line":20,"column":4},"end":{"line":29,"column":null}},"9":{"start":{"line":22,"column":8},"end":{"line":22,"column":null}},"10":{"start":{"line":24,"column":8},"end":{"line":24,"column":null}},"11":{"start":{"line":26,"column":8},"end":{"line":26,"column":null}},"12":{"start":{"line":28,"column":8},"end":{"line":28,"column":null}},"13":{"start":{"line":32,"column":22},"end":{"line":43,"column":null}},"14":{"start":{"line":33,"column":18},"end":{"line":33,"column":null}},"15":{"start":{"line":34,"column":22},"end":{"line":34,"column":null}},"16":{"start":{"line":35,"column":4},"end":{"line":41,"column":null}},"17":{"start":{"line":35,"column":17},"end":{"line":35,"column":20}},"18":{"start":{"line":36,"column":6},"end":{"line":40,"column":null}},"19":{"start":{"line":42,"column":4},"end":{"line":42,"column":null}},"20":{"start":{"line":45,"column":2},"end":{"line":58,"column":null}},"21":{"start":{"line":46,"column":4},"end":{"line":56,"column":null}},"22":{"start":{"line":60,"column":2},"end":{"line":189,"column":null}},"23":{"start":{"line":93,"column":12},"end":{"line":164,"column":null}},"24":{"start":{"line":149,"column":35},"end":{"line":149,"column":null}},"25":{"start":{"line":156,"column":35},"end":{"line":156,"column":null}},"26":{"start":{"line":184,"column":12},"end":{"line":184,"column":null}},"27":{"start":{"line":185,"column":12},"end":{"line":185,"column":null}}},"fnMap":{"0":{"name":"(anonymous_0)","decl":{"start":{"line":9,"column":21},"end":{"line":9,"column":27}},"loc":{"start":{"line":9,"column":27},"end":{"line":191,"column":null}},"line":9},"1":{"name":"(anonymous_1)","decl":{"start":{"line":14,"column":28},"end":{"line":14,"column":29}},"loc":{"start":{"line":14,"column":40},"end":{"line":17,"column":null}},"line":14},"2":{"name":"(anonymous_2)","decl":{"start":{"line":19,"column":29},"end":{"line":19,"column":30}},"loc":{"start":{"line":19,"column":45},"end":{"line":30,"column":null}},"line":19},"3":{"name":"(anonymous_3)","decl":{"start":{"line":32,"column":22},"end":{"line":32,"column":23}},"loc":{"start":{"line":32,"column":34},"end":{"line":43,"column":null}},"line":32},"4":{"name":"(anonymous_4)","decl":{"start":{"line":92,"column":25},"end":{"line":92,"column":26}},"loc":{"start":{"line":93,"column":12},"end":{"line":164,"column":null}},"line":93},"5":{"name":"(anonymous_5)","decl":{"start":{"line":149,"column":29},"end":{"line":149,"column":35}},"loc":{"start":{"line":149,"column":35},"end":{"line":149,"column":null}},"line":149},"6":{"name":"(anonymous_6)","decl":{"start":{"line":156,"column":29},"end":{"line":156,"column":35}},"loc":{"start":{"line":156,"column":35},"end":{"line":156,"column":null}},"line":156},"7":{"name":"(anonymous_7)","decl":{"start":{"line":183,"column":19},"end":{"line":183,"column":25}},"loc":{"start":{"line":183,"column":25},"end":{"line":186,"column":null}},"line":183}},"branchMap":{"0":{"loc":{"start":{"line":20,"column":4},"end":{"line":29,"column":null}},"type":"switch","locations":[{"start":{"line":21,"column":6},"end":{"line":22,"column":null}},{"start":{"line":23,"column":6},"end":{"line":24,"column":null}},{"start":{"line":25,"column":6},"end":{"line":26,"column":null}},{"start":{"line":27,"column":6},"end":{"line":28,"column":null}}],"line":20},"1":{"loc":{"start":{"line":34,"column":33},"end":{"line":34,"column":44}},"type":"binary-expr","locations":[{"start":{"line":34,"column":33},"end":{"line":34,"column":43}},{"start":{"line":34,"column":43},"end":{"line":34,"column":44}}],"line":34},"2":{"loc":{"start":{"line":37,"column":8},"end":{"line":39,"column":null}},"type":"cond-expr","locations":[{"start":{"line":38,"column":12},"end":{"line":38,"column":null}},{"start":{"line":39,"column":12},"end":{"line":39,"column":null}}],"line":37},"3":{"loc":{"start":{"line":45,"column":2},"end":{"line":58,"column":null}},"type":"if","locations":[{"start":{"line":45,"column":2},"end":{"line":58,"column":null}},{"start":{},"end":{}}],"line":45},"4":{"loc":{"start":{"line":70,"column":32},"end":{"line":70,"column":null}},"type":"cond-expr","locations":[{"start":{"line":70,"column":57},"end":{"line":70,"column":77}},{"start":{"line":70,"column":77},"end":{"line":70,"column":null}}],"line":70},"5":{"loc":{"start":{"line":98,"column":15},"end":{"line":110,"column":null}},"type":"binary-expr","locations":[{"start":{"line":98,"column":15},"end":{"line":98,"column":null}},{"start":{"line":99,"column":16},"end":{"line":110,"column":null}}],"line":98},"6":{"loc":{"start":{"line":180,"column":7},"end":{"line":187,"column":null}},"type":"binary-expr","locations":[{"start":{"line":180,"column":7},"end":{"line":180,"column":18}},{"start":{"line":180,"column":18},"end":{"line":180,"column":null}},{"start":{"line":181,"column":8},"end":{"line":187,"column":null}}],"line":180}},"s":{"0":1,"1":29,"2":29,"3":29,"4":29,"5":2,"6":2,"7":29,"8":40,"9":16,"10":17,"11":1,"12":6,"13":29,"14":41,"15":41,"16":41,"17":41,"18":205,"19":41,"20":29,"21":3,"22":26,"23":41,"24":2,"25":1,"26":1,"27":1},"f":{"0":29,"1":2,"2":40,"3":41,"4":41,"5":2,"6":1,"7":1},"b":{"0":[16,17,1,6],"1":[41,9],"2":[128,77],"3":[3,26],"4":[11,15],"5":[41,40],"6":[29,2,2]},"meta":{"lastBranch":7,"lastFunction":8,"lastStatement":28,"seen":{"s:9:21:191:Infinity":0,"f:9:21:9:27":0,"s:10:57:10:Infinity":1,"s:11:42:11:Infinity":2,"s:12:28:12:Infinity":3,"s:14:28:17:Infinity":4,"f:14:28:14:29":1,"s:15:4:15:Infinity":5,"s:16:4:16:Infinity":6,"s:19:29:30:Infinity":7,"f:19:29:19:30":2,"b:21:6:22:Infinity:23:6:24:Infinity:25:6:26:Infinity:27:6:28:Infinity":0,"s:20:4:29:Infinity":8,"s:22:8:22:Infinity":9,"s:24:8:24:Infinity":10,"s:26:8:26:Infinity":11,"s:28:8:28:Infinity":12,"s:32:22:43:Infinity":13,"f:32:22:32:23":3,"s:33:18:33:Infinity":14,"s:34:22:34:Infinity":15,"b:34:33:34:43:34:43:34:44":1,"s:35:4:41:Infinity":16,"s:35:17:35:20":17,"s:36:6:40:Infinity":18,"b:38:12:38:Infinity:39:12:39:Infinity":2,"s:42:4:42:Infinity":19,"b:45:2:58:Infinity:undefined:undefined:undefined:undefined":3,"s:45:2:58:Infinity":20,"s:46:4:56:Infinity":21,"s:60:2:189:Infinity":22,"b:70:57:70:77:70:77:70:Infinity":4,"f:92:25:92:26":4,"s:93:12:164:Infinity":23,"b:98:15:98:Infinity:99:16:110:Infinity":5,"f:149:29:149:35":5,"s:149:35:149:Infinity":24,"f:156:29:156:35":6,"s:156:35:156:Infinity":25,"b:180:7:180:18:180:18:180:Infinity:181:8:187:Infinity":6,"f:183:19:183:25":7,"s:184:12:184:Infinity":26,"s:185:12:185:Infinity":27}}}
,"/Users/rodrigosanchez/Library/Mobile Documents/com~apple~CloudDocs/DUOC/DESARROLLO FRONTEND II_001A/Semana 8/recetas-react-vite-rest-graphql/src/pages/RecipeDetail.jsx": {"path":"/Users/rodrigosanchez/Library/Mobile Documents/com~apple~CloudDocs/DUOC/DESARROLLO FRONTEND II_001A/Semana 8/recetas-react-vite-rest-graphql/src/pages/RecipeDetail.jsx","statementMap":{"0":{"start":{"line":12,"column":21},"end":{"line":305,"column":null}},"1":{"start":{"line":13,"column":13},"end":{"line":13,"column":null}},"2":{"start":{"line":14,"column":8},"end":{"line":14,"column":null}},"3":{"start":{"line":15,"column":37},"end":{"line":15,"column":null}},"4":{"start":{"line":16,"column":36},"end":{"line":16,"column":null}},"5":{"start":{"line":17,"column":40},"end":{"line":17,"column":null}},"6":{"start":{"line":18,"column":28},"end":{"line":18,"column":null}},"7":{"start":{"line":19,"column":24},"end":{"line":19,"column":null}},"8":{"start":{"line":20,"column":28},"end":{"line":20,"column":null}},"9":{"start":{"line":22,"column":2},"end":{"line":25,"column":null}},"10":{"start":{"line":23,"column":4},"end":{"line":23,"column":null}},"11":{"start":{"line":27,"column":25},"end":{"line":53,"column":null}},"12":{"start":{"line":28,"column":4},"end":{"line":52,"column":null}},"13":{"start":{"line":29,"column":6},"end":{"line":29,"column":null}},"14":{"start":{"line":30,"column":6},"end":{"line":30,"column":null}},"15":{"start":{"line":33,"column":27},"end":{"line":33,"column":null}},"16":{"start":{"line":35,"column":6},"end":{"line":38,"column":null}},"17":{"start":{"line":36,"column":8},"end":{"line":36,"column":null}},"18":{"start":{"line":37,"column":8},"end":{"line":37,"column":null}},"19":{"start":{"line":40,"column":6},"end":{"line":40,"column":null}},"20":{"start":{"line":43,"column":30},"end":{"line":43,"column":null}},"21":{"start":{"line":45,"column":6},"end":{"line":47,"column":null}},"22":{"start":{"line":46,"column":8},"end":{"line":46,"column":null}},"23":{"start":{"line":49,"column":6},"end":{"line":49,"column":null}},"24":{"start":{"line":51,"column":6},"end":{"line":51,"column":null}},"25":{"start":{"line":55,"column":31},"end":{"line":57,"column":null}},"26":{"start":{"line":56,"column":4},"end":{"line":56,"column":null}},"27":{"start":{"line":59,"column":29},"end":{"line":70,"column":null}},"28":{"start":{"line":60,"column":4},"end":{"line":69,"column":null}},"29":{"start":{"line":62,"column":8},"end":{"line":62,"column":null}},"30":{"start":{"line":64,"column":8},"end":{"line":64,"column":null}},"31":{"start":{"line":66,"column":8},"end":{"line":66,"column":null}},"32":{"start":{"line":68,"column":8},"end":{"line":68,"column":null}},"33":{"start":{"line":72,"column":2},"end":{"line":74,"column":null}},"34":{"start":{"line":73,"column":4},"end":{"line":73,"column":null}},"35":{"start":{"line":76,"column":2},"end":{"line":83,"column":null}},"36":{"start":{"line":77,"column":4},"end":{"line":81,"column":null}},"37":{"start":{"line":80,"column":21},"end":{"line":80,"column":null}},"38":{"start":{"line":85,"column":17},"end":{"line":85,"column":null}},"39":{"start":{"line":87,"column":2},"end":{"line":303,"column":null}},"40":{"start":{"line":135,"column":26},"end":{"line":144,"column":null}},"41":{"start":{"line":200,"column":22},"end":{"line":208,"column":null}},"42":{"start":{"line":248,"column":31},"end":{"line":248,"column":null}},"43":{"start":{"line":300,"column":25},"end":{"line":300,"column":null}}},"fnMap":{"0":{"name":"(anonymous_0)","decl":{"start":{"line":12,"column":21},"end":{"line":12,"column":27}},"loc":{"start":{"line":12,"column":27},"end":{"line":305,"column":null}},"line":12},"1":{"name":"(anonymous_1)","decl":{"start":{"line":22,"column":12},"end":{"line":22,"column":18}},"loc":{"start":{"line":22,"column":18},"end":{"line":25,"column":5}},"line":22},"2":{"name":"(anonymous_2)","decl":{"start":{"line":27,"column":25},"end":{"line":27,"column":37}},"loc":{"start":{"line":27,"column":37},"
[...]
umn":22},"end":{"line":39,"column":41}},"line":39},"6":{"name":"graphqlRequest","decl":{"start":{"line":48,"column":15},"end":{"line":48,"column":29}},"loc":{"start":{"line":48,"column":53},"end":{"line":66,"column":null}},"line":48},"7":{"name":"(anonymous_7)","decl":{"start":{"line":133,"column":8},"end":{"line":133,"column":13}},"loc":{"start":{"line":133,"column":38},"end":{"line":135,"column":3}},"line":133},"8":{"name":"(anonymous_8)","decl":{"start":{"line":138,"column":8},"end":{"line":138,"column":24}},"loc":{"start":{"line":138,"column":29},"end":{"line":140,"column":3}},"line":138},"9":{"name":"(anonymous_9)","decl":{"start":{"line":142,"column":8},"end":{"line":142,"column":26}},"loc":{"start":{"line":142,"column":39},"end":{"line":144,"column":3}},"line":142},"10":{"name":"(anonymous_10)","decl":{"start":{"line":146,"column":8},"end":{"line":146,"column":24}},"loc":{"start":{"line":146,"column":35},"end":{"line":148,"column":3}},"line":146},"11":{"name":"(anonymous_11)","decl":{"start":{"line":150,"column":8},"end":{"line":150,"column":25}},"loc":{"start":{"line":150,"column":28},"end":{"line":152,"column":null}},"line":150}},"branchMap":{"0":{"loc":{"start":{"line":12,"column":2},"end":{"line":15,"column":null}},"type":"if","locations":[{"start":{"line":12,"column":2},"end":{"line":15,"column":null}},{"start":{},"end":{}}],"line":12},"1":{"loc":{"start":{"line":13,"column":41},"end":{"line":13,"column":97}},"type":"binary-expr","locations":[{"start":{"line":13,"column":41},"end":{"line":13,"column":62}},{"start":{"line":13,"column":66},"end":{"line":13,"column":97}}],"line":13},"2":{"loc":{"start":{"line":14,"column":29},"end":{"line":14,"column":43}},"type":"binary-expr","locations":[{"start":{"line":14,"column":29},"end":{"line":14,"column":35}},{"start":{"line":14,"column":39},"end":{"line":14,"column":43}}],"line":14},"3":{"loc":{"start":{"line":17,"column":2},"end":{"line":22,"column":null}},"type":"if","locations":[{"start":{"line":17,"column":2},"end":{"line":22,"column":null}},{"start":{},"end":{}}],"line":17},"4":{"loc":{"start":{"line":24,"column":2},"end":{"line":35,"column":null}},"type":"if","locations":[{"start":{"line":24,"column":2},"end":{"line":35,"column":null}},{"start":{},"end":{}}],"line":24},"5":{"loc":{"start":{"line":25,"column":41},"end":{"line":25,"column":109}},"type":"binary-expr","locations":[{"start":{"line":25,"column":41},"end":{"line":25,"column":68}},{"start":{"line":25,"column":72},"end":{"line":25,"column":109}}],"line":25},"6":{"loc":{"start":{"line":29,"column":20},"end":{"line":29,"column":48}},"type":"cond-expr","locations":[{"start":{"line":29,"column":29},"end":{"line":29,"column":44}},{"start":{"line":29,"column":47},"end":{"line":29,"column":48}}],"line":29},"7":{"loc":{"start":{"line":30,"column":22},"end":{"line":30,"column":53}},"type":"cond-expr","locations":[{"start":{"line":30,"column":31},"end":{"line":30,"column":48}},{"start":{"line":30,"column":51},"end":{"line":30,"column":53}}],"line":30},"8":{"loc":{"start":{"line":37,"column":2},"end":{"line":42,"column":null}},"type":"if","locations":[{"start":{"line":37,"column":2},"end":{"line":42,"column":null}},{"start":{},"end":{}}],"line":37},"9":{"loc":{"start":{"line":48,"column":37},"end":{"line":48,"column":51}},"type":"default-arg","locations":[{"start":{"line":48,"column":49},"end":{"line":48,"column":51}}],"line":48},"10":{"loc":{"start":{"line":50,"column":2},"end":{"line":52,"column":null}},"type":"if","locations":[{"start":{"line":50,"column":2},"end":{"line":52,"column":null}},{"start":{},"end":{}}],"line":50}},"s":{"0":1,"1":1,"2":16,"3":4,"4":18,"5":4,"6":12,"7":3,"8":24,"9":258,"10":3,"11":9,"12":4,"13":18,"14":4,"15":5,"16":3,"17":30,"18":3,"19":2,"20":6,"21":0,"22":6,"23":6,"24":1,"25":1,"26":2,"27":1,"28":1,"29":1,"30":1},"f":{"0":16,"1":18,"2":24,"3":258,"4":18,"5":30,"6":6,"7":2,"8":1,"9":1,"10":1,"11":1},"b":{"0":[4,12],"1":[18,16],"2":[4,2],"3":[3,9],"4":[4,5],"5":[18,16],"6":[2,2],"7":[2,2],"8":[3,2],"9":[6],"10":[0,6]},"meta":{"lastBranch":11,"lastFunction":12,"lastStatement":31,"seen":{"s:7:25:7:35":0,"s:8:22:8:42":1,"f:11:16:11:37":0,"b:12:2:15:Infinity:undefined:undefined:undefined:undefined":0,"s:12:2:15:Infinity":2,"s:13:19:13:98":3,"f:13:36:13:37":1,"s:13:41:13:97":4,"b:13:41:13:62:13:66:13:97":1,"s:14:4:14:Infinity":5,"b:14:29:14:35:14:39:14:43":2,"b:17:2:22:Infinity:undefined:undefined:undefined:undefined":3,"s:17:2:22:Infinity":6,"s:18:20:20:5":7,"f:18:39:18:40":2,"s:19:6:19:Infinity":8,"f:19:26:19:29":3,"s:19:33:19:95":9,"s:21:4:21:Infinity":10,"b:24:2:35:Infinity:undefined:undefined:undefined:undefined":4,"s:24:2:35:Infinity":11,"s:25:19:25:110":12,"f:25:36:25:37":4,"s:25:41:25:109":13,"b:25:41:25:68:25:72:25:109":5,"s:26:4:34:Infinity":14,"b:29:29:29:44:29:47:29:48":6,"b:30:31:30:48:30:51:30:53":7,"b:37:2:42:Infinity:undefined:undefined:undefined:undefined":8,"s:37:2:42:Infinity":15,"s:38:20:40:18":16,"f:39:12:39:13":5,"s:39:22:39:41":17,"s:41:4:41:Infinity":18,"s:44:2:44:Infinity":19,"f:48:15:48:29":6,"b:48:49:48:51":9,"b:50:2:52:Infinity:undefined:undefined:undefined:undefined":10,"s:50:2:52:Infinity":20,"s:51:4:51:Infinity":21,"s:54:19:63:4":22,"s:65:2:65:Infinity":23,"s:69:30:129:1":24,"s:132:26:153:1":25,"f:133:8:133:13":7,"s:134:4:134:Infinity":26,"f:138:8:138:24":8,"s:139:4:139:Infinity":27,"f:142:8:142:26":9,"s:143:4:143:Infinity":28,"f:146:8:146:24":10,"s:147:4:147:Infinity":29,"f:150:8:150:25":11,"s:151:4:151:Infinity":30}}}
,"/Users/rodrigosanchez/Library/Mobile Documents/com~apple~CloudDocs/DUOC/DESARROLLO FRONTEND II_001A/Semana 8/recetas-react-vite-rest-graphql/src/services/restApi.js": {"path":"/Users/rodrigosanchez/Library/Mobile Documents/com~apple~CloudDocs/DUOC/DESARROLLO FRONTEND II_001A/Semana 8/recetas-react-vite-rest-graphql/src/services/restApi.js","statementMap":{"0":{"start":{"line":7,"column":21},"end":{"line":7,"column":27}},"1":{"start":{"line":8,"column":22},"end":{"line":8,"column":42}},"2":{"start":{"line":11,"column":33},"end":{"line":86,"column":1}},"3":{"start":{"line":12,"column":31},"end":{"line":16,"column":3}},"4":{"start":{"line":19,"column":19},"end":{"line":19,"column":101}},"5":{"start":{"line":19,"column":41},"end":{"line":19,"column":100}},"6":{"start":{"line":20,"column":4},"end":{"line":22,"column":null}},"7":{"start":{"line":26,"column":21},"end":{"line":26,"column":69}},"8":{"start":{"line":26,"column":45},"end":{"line":26,"column":68}},"9":{"start":{"line":27,"column":4},"end":{"line":31,"column":null}},"10":{"start":{"line":35,"column":23},"end":{"line":35,"column":42}},"11":{"start":{"line":36,"column":20},"end":{"line":41,"column":5}},"12":{"start":{"line":37,"column":6},"end":{"line":40,"column":null}},"13":{"start":{"line":42,"column":4},"end":{"line":46,"column":null}},"14":{"start":{"line":50,"column":22},"end":{"line":53,"column":5}},"15":{"start":{"line":54,"column":4},"end":{"line":58,"column":null}},"16":{"start":{"line":62,"column":23},"end":{"line":62,"column":69}},"17":{"start":{"line":62,"column":56},"end":{"line":62,"column":66}},"18":{"start":{"line":63,"column":4},"end":{"line":67,"column":null}},"19":{"start":{"line":71,"column":20},"end":{"line":71,"column":31}},"20":{"start":{"line":72,"column":23},"end":{"line":72,"column":65}},"21":{"start":{"line":72,"column":52},"end":{"line":72,"column":62}},"22":{"start":{"line":73,"column":26},"end":{"line":73,"column":73}},"23":{"start":{"line":73,"column":53},"end":{"line":73,"column":69}},"24":{"start":{"line":74,"column":26},"end":{"line":74,"column":88}},"25":{"start":{"line":74,"column":53},"end":{"line":74,"column":67}},"26":{"start":{"line":76,"column":4},"end":{"line":84,"column":null}},"27":{"start":{"line":88,"column":23},"end":{"line":167,"column":1}},"28":{"start":{"line":91,"column":4},"end":{"line":93,"column":null}},"29":{"start":{"line":92,"column":6},"end":{"line":92,"column":null}},"30":{"start":{"line":94,"column":21},"end":{"line":94,"column":59}},"31":{"start":{"line":95,"column":4},"end":{"line":95,"column":null}},"32":{"start":{"line":100,"column":4},"end":{"line":102,"column":null}},"33":{"start":{"line":101,"column":6},"end":{"line":101,"column":null}},"34":{"start":{"line":103,"column":21},"end":{"line":103,"column":65}},"35":{"start":{"line":104,"column":4},"end":{"line":104,"column":null}},"36":{"start":{"line":109,"column":4},"end":{"line":111,"column":null}},"37":{"start":{"line":110,"column":6},"end":{"line":110,"column":null}},"38":{"start":{"line":112,"column":21},"end":{"line":112,"column":80}},"39":{"start":{"line":113,"column":4},"end":{"line":113,"column":null}},"40":{"start":{"line":118,"column":4},"end":{"line":120,"column":null}},"41":{"start":{"line":119,"column":6},"end":{"line":119,"column":null}},"42":{"start":{"line":121,"column":21},"end":{"line":121,"column":89}},"43":{"start":{"line":122,"column":4},"end":{"line":122,"column":null}},"44":{"start":{"line":127,"column":4},"end":{"line":129,"column":null}},"45":{"start":{"line":128,"column":6},"end":{"line":128,"column":null}},"46":{"start":{"line":130,"column":21},"end":{"line":136,"column":6}},"47":{"start":{"line":137,"column":4},"end":{"line":137,"column":null}},"48":{"start":{"line":142,"column":4},"end":{"line":144,"column":null}},"49":{"start":{"line":143,"column":6},"end":{"line":143,"column":null}},"50":{"start":{"line":145,"column":21},"end":{"line":145,"column":59}},"51":{"start":{"line":146,"column":17},"end":{"line":146,"column":38}},"52":{"start":{"line":148,"column":4},"end":{"line":155,"column":null}},"53":{"start":{"line":149,"column":25},"end":{"line":149,"column":69}},"54":{"start":{"line":149,"column":56},"end":{"line":149,"column":66}},"55":{"start":{"line":150,"column":6},"end":{"line":154,"column":null}},"56":{"start":{"line":156,"column":4},"end":{"line":156,"column":null}},"57":{"start":{"line":161,"column":4},"end":{"line":163,"column":null}},"58":{"start":{"line":162,"column":6},"end":{"line":162,"column":null}},"59":{"start":{"line":164,"column":21},"end":{"line":164,"column":57}},"60":{"start":{"line":165,"column":4},"end":{"line":165,"column":null}}},"fnMap":{"0":{"name":"(anonymous_0)","decl":{"start":{"line":12,"column":24},"end":{"line":12,"column":25}},"loc":{"start":{"line":12,"column":31},"end":{"line":16,"column":3}},"line":12},"1":{"name":"(anonymous_1)","decl":{"start":{"line":18,"column":27},"end":{"line":18,"column":28}},"loc":{"start":{"line":18,"column":35},"end":{"line":23,"column":3}},"line":18},"2":{"name":"(anonymous_2)","decl":{"start":{"line":19,"column":36},"end":{"line":19,"column":37}},"loc":{"start":{"line":19,"column":41},"end":{"line":19,"column":100}},"line":19},"3":{"name":"(anonymous_3)","decl":{"start":{"line":25,"column":34},"end":{"line":25,"column":35}},"loc":{"start":{"line":25,"column":48},"end":{"line":32,"column":3}},"line":25},"4":{"name":"(anonymous_4)","decl":{"start":{"line":26,"column":40},"end":{"line":26,"column":41}},"loc":{"start":{"line":26,"column":45},"end":{"line":26,"column":68}},"line":26},"5":{"name":"(anonymous_5)","decl":{"start":{"line":34,"column":27},"end":{"line":34,"column":28}},"loc":{"start":{"line":34,"column":38},"end":{"line":47,"column":3}},"line":34},"6":{"name":"(anonymous_6)","decl":{"start":{"line":36,"column":39},"end":{"line":36,"column":45}},"loc":{"start":{"line":37,"column":6},"end":{"line":40,"column":null}},"line":37},"7":{"name":"(anonymous_7)","decl":{"start":{"line":49,"column":26},"end":{"line":49,"column":27}},"loc":{"start":{"line":49,"column":42},"end":{"line":59,"column":3}},"line":49},"8":{"name":"(anonymous_8)","decl":{"start":{"line":61,"column":27},"end":{"line":61,"column":28}},"loc":{"start":{"line":61,"column":33},"end":{"line":68,"column":3}},"line":61},"9":{"name":"(anonymous_9)","decl":{"start":{"line":62,"column":51},"end":{"line":62,"column":52}},"loc":{"start":{"line":62,"column":56},"end":{"line":62,"column":66}},"line":62},"10":{"name":"(anonymous_10)","decl":{"start":{"line":70,"column":22},"end":{"line":70,"column":23}},"loc":{"start":{"line":70,"column":28},"end":{"line":85,"column":null}},"line":70},"11":{"name":"(anonymous_11)","decl":{"start":{"line":72,"column":47},"end":{"line":72,"column":48}},"loc":{"start":{"line":72,"column":52},"end":{"line":72,"column":62}},"line":72},"12":{"name":"(anonymous_12)","decl":{"start":{"line":73,"column":41},"end":{"line":73,"column":42}},"loc":{"start":{"line":73,"column":53},"end":{"line":73,"column":69}},"line":73},"13":{"name":"(anonymous_13)","decl":{"start":{"line":74,"column":41},"end":{"line":74,"column":42}},"loc":{"start":{"line":74,"column":53},"end":{"line":74,"column":67}},"line":74},"14":{"name":"(anonymous_14)","decl":{"start":{"line":90,"column":8},"end":{"line":90,"column":18}},"loc":{"start":{"line":90,"column":21},"end":{"line":96,"column":3}},"line":90},"15":{"name":"(anonymous_15)","decl":{"start":{"line":99,"column":8},"end":{"line":99,"column":21}},"loc":{"start":{"line":99,"column":26},"end":{"line":105,"column":3}},"line":99},"16":{"name":"(anonymous_16)","decl":{"start":{"line":108,"column":8},"end":{"line":108,"column":28}},"loc":{"start":{"line":108,"column":39},"end":{"line":114,"column":3}},"line":108},"17":{"name":"(anonymous_17)","decl":{"start":{"line":117,"column":8},"end":{"line":117,"column":21}},"loc":{"start":{"line":117,"column":29},"end":{"line":123,"column":3}},"line":117},"18":{"name":"(anonymous_18)","decl":{"start":{"line":126,"column":8},"end":{"line":126,"column":20}},"loc":{"start":{"line":126,"column":33},"end":{"line":138,"column":3}},"line":126},"19":{"name":"(anonymous_19)","decl":{"start":{"line":141,"column":8},"end":{"line":141,"column":21}},"loc":{"start":{"line":141,"column":24},"end":{"line":157,"column":3}},"line":141},"20":{"name":"(anonymous_20)","decl":{"start":{"line":149,"column":51},"end":{"line":149,"column":52}},"loc":{"start":{"line":149,"column":56},"end":{"line":149,"column":66}},"line":149},"21":{"name":"(anonymous_21)","decl":{"start":{"line":160,"column":8},"end":{"line":160,"column":16}},"loc":{"start":{"line":160,"column":19},"end":{"line":166,"column":null}},"line":160}},"branchMap":{"0":{"loc":{"start":{"line":19,"column":41},"end":{"line":19,"column":100}},"type":"binary-expr","locations":[{"start":{"line":19,"column":41},"end":{"line":19,"column":52}},{"start":{"line":19,"column":56},"end":{"line":19,"column":75}},{"start":{"line":19,"column":79},"end":{"line":19,"column":100}}],"line":19},"1":{"loc":{"start":{"line":20,"column":11},"end":{"line":22,"column":59}},"type":"cond-expr","locations":[{"start":{"line":21,"column":8},"end":{"line":21,"column":null}},{"start":{"line":22,"column":8},"end":{"line":22,"column":59}}],"line":20},"2":{"loc":{"start":{"line":37,"column":6},"end":{"line":40,"column":null}},"type":"binary-expr","locations":[{"start":{"line":37,"column":6},"end":{"line":37,"column":53}},{"start":{"line":38,"column":6},"end":{"line":38,"column":59}},{"start":{"line":39,"column":6},"end":{"line":39,"column":56}},{"start":{"line":40,"column":7},"end":{"line":40,"column":25}},{"start":{"line":40,"column":29},"end":{"line":40,"column":99}}],"line":37},"3":{"loc":{"start":{"line":91,"column":4},"end":{"line":93,"column":null}},"type":"if","locations":[{"start":{"line":91,"column":4},"end":{"line":93,"column":null}},{"start":{},"end":{}}],"line":91},"4":{"loc":{"start":{"line":100,"column":4},"end":{"line":102,"column":null}},"type":"if","locations":[{"start":{"line":100,"column":4},"end":{"line":102,"column":null}},{"start":{},"end":{}}],"line":100},"5":{"loc":{"start":{"line":109,"column":4},"end":{"line":111,"column":null}},"type":"if","locations":[{"start":{"line":109,"column":4},"end":{"line":111,"column":null}},{"start":{},"end":{}}],"line":109},"6":{"loc":{"start":{"line":118,"column":4},"end":{"line":120,"column":null}},"type":"if","locations":[{"start":{"line":118,"column":4},"end":{"line":120,"column":null}},{"start":{},"end":{}}],"line":118},"7":{"loc":{"start":{"line":127,"column":4},"end":{"line":129,"column":null}},"type":"if","locations":[{"start":{"line":127,"column":4},"end":{"line":129,"column":null}},{"start":{},"end":{}}],"line":127},"8":{"loc":{"start":{"line":142,"column":4},"end":{"line":144,"column":null}},"type":"if","locations":[{"start":{"line":142,"column":4},"end":{"line":144,"column":null}},{"start":{},"end":{}}],"line":142},"9":{"loc":{"start":{"line":148,"column":4},"end":{"line":155,"column":null}},"type":"if","locations":[{"start":{"line":148,"column":4},"end":{"line":155,"column":null}},{"start":{},"end":{}}],"line":148},"10":{"loc":{"start":{"line":161,"column":4},"end":{"line":163,"column":null}},"type":"if","locations":[{"start":{"line":161,"column":4},"end":{"line":163,"column":null}},{"start":{},"end":{}}],"line":161}},"s":{"0":1,"1":1,"2":1,"3":2,"4":4,"5":11,"6":4,"7":3,"8":24,"9":3,"10":7,"11":7,"12":56,"13":7,"14":3,"15":3,"16":2,"17":16,"18":2,"19":3,"20":3,"21":24,"22":3,"23":24,"24":3,"25":24,"26":3,"27":1,"28":2,"29":0,"30":2,"31":2,"32":1,"33":0,"34":1,"35":1,"36":1,"37":0,"38":1,"39":1,"40":1,"41":0,"42":1,"43":1,"44":1,"45":0,"46":1,"47":1,"48":2,"49":0,"50":2,"51":2,"52":2,"53":1,"54":3,"55":1,"56":1,"57":1,"58":0,"59":1,"60":1},"f":{"0":2,"1":4,"2":11,"3":3,"4":24,"5":7,"6":56,"7":3,"8":2,"9":16,"10":3,"11":24,"12":24,"13":24,"14":2,"15":1,"16":1,"17":1,"18":1,"19":2,"20":3,"21":1},"b":{"0":[11,9,8],"1":[3,1],"2":[56,53,50,48,48],"3":[0,2],"4":[0,1],"5":[0,1],"6":[0,1],"7":[0,1],"8":[0,2],"9":[1,1],"10":[0,1]},"meta":{"lastBranch":11,"lastFunction":22,"lastStatement":61,"seen":{"s:7:21:7:27":0,"s:8:22:8:42":1,"s:11:33:86:1":2,"f:12:24:12:25":0,"s:12:31:16:3":3,"f:18:27:18:28":1,"s:19:19:19:101":4,"f:19:36:19:37":2,"s:19:41:19:100":5,"b:19:41:19:52:19:56:19:75:19:79:19:100":0,"s:20:4:22:Infinity":6,"b:21:8:21:Infinity:22:8:22:59":1,"f:25:34:25:35":3,"s:26:21:26:69":7,"f:26:40:26:41":4,"s:26:45:26:68":8,"s:27:4:31:Infinity":9,"f:34:27:34:28":5,"s:35:23:35:42":10,"s:36:20:41:5":11,"f:36:39:36:45":6,"s:37:6:40:Infinity":12,"b:37:6:37:53:38:6:38:59:39:6:39:56:40:7:40:25:40:29:40:99":2,"s:42:4:46:Infinity":13,"f:49:26:49:27":7,"s:50:22:53:5":14,"s:54:4:58:Infinity":15,"f:61:27:61:28":8,"s:62:23:62:69":16,"f:62:51:62:52":9,"s:62:56:62:66":17,"s:63:4:67:Infinity":18,"f:70:22:70:23":10,"s:71:20:71:31":19,"s:72:23:72:65":20,"f:72:47:72:48":11,"s:72:52:72:62":21,"s:73:26:73:73":22,"f:73:41:73:42":12,"s:73:53:73:69":23,"s:74:26:74:88":24,"f:74:41:74:42":13,"s:74:53:74:67":25,"s:76:4:84:Infinity":26,"s:88:23:167:1":27,"f:90:8:90:18":14,"b:91:4:93:Infinity:undefined:undefined:undefined:undefined":3,"s:91:4:93:Infinity":28,"s:92:6:92:Infinity":29,"s:94:21:94:59":30,"s:95:4:95:Infinity":31,"f:99:8:99:21":15,"b:100:4:102:Infinity:undefined:undefined:undefined:undefined":4,"s:100:4:102:Infinity":32,"s:101:6:101:Infinity":33,"s:103:21:103:65":34,"s:104:4:104:Infinity":35,"f:108:8:108:28":16,"b:109:4:111:Infinity:undefined:undefined:undefined:undefined":5,"s:109:4:111:Infinity":36,"s:110:6:110:Infinity":37,"s:112:21:112:80":38,"s:113:4:113:Infinity":39,"f:117:8:117:21":17,"b:118:4:120:Infinity:undefined:undefined:undefined:undefined":6,"s:118:4:120:Infinity":40,"s:119:6:119:Infinity":41,"s:121:21:121:89":42,"s:122:4:122:Infinity":43,"f:126:8:126:20":18,"b:127:4:129:Infinity:undefined:undefined:undefined:undefined":7,"s:127:4:129:Infinity":44,"s:128:6:128:Infinity":45,"s:130:21:136:6":46,"s:137:4:137:Infinity":47,"f:141:8:141:21":19,"b:142:4:144:Infinity:undefined:undefined:undefined:undefined":8,"s:142:4:144:Infinity":48,"s:143:6:143:Infinity":49,"s:145:21:145:59":50,"s:146:17:146:38":51,"b:148:4:155:Infinity:undefined:undefined:undefined:undefined":9,"s:148:4:155:Infinity":52,"s:149:25:149:69":53,"f:149:51:149:52":20,"s:149:56:149:66":54,"s:150:6:154:Infinity":55,"s:156:4:156:Infinity":56,"f:160:8:160:16":21,"b:161:4:163:Infinity:undefined:undefined:undefined:undefined":10,"s:161:4:163:Infinity":57,"s:162:6:162:Infinity":58,"s:164:21:164:57":59,"s:165:4:165:Infinity":60}}}
}
