TN:
SF:src/App.jsx
FN:13,App
FNF:1
FNH:1
FNDA:7,App
DA:14,7
DA:16,7
LF:2
LH:2
BRDA:14,0,0,0
BRDA:14,0,1,7
BRF:2
BRH:1
end_of_record
TN:
SF:src/components/favorites/FloatingFavorites.jsx
FN:6,(anonymous_0)
FN:33,(anonymous_1)
FN:54,(anonymous_2)
FN:76,(anonymous_3)
FN:85,(anonymous_4)
FN:100,(anonymous_5)
FN:116,(anonymous_6)
FN:133,(anonymous_7)
FNF:8
FNH:5
FNDA:25,(anonymous_0)
FNDA:1,(anonymous_1)
FNDA:1,(anonymous_2)
FNDA:0,(anonymous_3)
FNDA:17,(anonymous_4)
FNDA:0,(anonymous_5)
FNDA:1,(anonymous_6)
FNDA:0,(anonymous_7)
DA:6,1
DA:7,25
DA:9,25
DA:33,1
DA:54,1
DA:76,0
DA:86,17
DA:100,0
DA:116,1
DA:133,0
LF:10
LH:7
BRDA:20,0,0,25
BRDA:20,0,1,9
BRDA:30,1,0,25
BRDA:30,1,1,19
BRDA:40,2,0,19
BRDA:40,2,1,6
BRDA:49,3,0,1
BRDA:49,3,1,24
BRDA:65,4,0,16
BRDA:65,4,1,9
BRDA:90,5,0,17
BRDA:90,5,1,15
BRDA:129,6,0,25
BRDA:129,6,1,9
BRF:14
BRH:14
end_of_record
TN:
SF:src/components/layout/Footer.jsx
FN:3,(anonymous_0)
FN:61,(anonymous_1)
FN:65,(anonymous_2)
FNF:3
FNH:3
FNDA:10,(anonymous_0)
FNDA:30,(anonymous_1)
FNDA:90,(anonymous_2)
DA:3,1
DA:4,10
DA:6,10
DA:24,10
DA:62,30
DA:66,90
LF:6
LH:6
BRF:0
BRH:0
end_of_record
TN:
SF:src/components/layout/Navbar.jsx
FN:5,(anonymous_0)
FN:33,(anonymous_1)
FN:45,(anonymous_2)
FN:52,(anonymous_3)
FN:57,(anonymous_4)
FN:60,(anonymous_5)
FN:68,(anonymous_6)
FN:74,(anonymous_7)
FN:81,(anonymous_8)
FN:91,(anonymous_9)
FN:92,(anonymous_10)
FN:99,(anonymous_11)
FN:103,(anonymous_12)
FN:133,(anonymous_13)
FN:147,(anonymous_14)
FN:170,(anonymous_15)
FN:183,(anonymous_16)
FN:203,(anonymous_17)
FN:207,(anonymous_18)
FN:216,(anonymous_19)
FN:232,(anonymous_20)
FN:258,(anonymous_21)
FN:269,(anonymous_22)
FN:272,(anonymous_23)
FN:290,(anonymous_24)
FN:293,(anonymous_25)
FNF:26
FNH:22
FNDA:95,(anonymous_0)
FNDA:11,(anonymous_1)
FNDA:11,(anonymous_2)
FNDA:3,(anonymous_3)
FNDA:21,(anonymous_4)
FNDA:6,(anonymous_5)
FNDA:2,(anonymous_6)
FNDA:9,(anonymous_7)
FNDA:0,(anonymous_8)
FNDA:46,(anonymous_9)
FNDA:1,(anonymous_10)
FNDA:46,(anonymous_11)
FNDA:7,(anonymous_12)
FNDA:380,(anonymous_13)
FNDA:20,(anonymous_14)
FNDA:0,(anonymous_15)
FNDA:5,(anonymous_16)
FNDA:16,(anonymous_17)
FNDA:1,(anonymous_18)
FNDA:0,(anonymous_19)
FNDA:1,(anonymous_20)
FNDA:1,(anonymous_21)
FNDA:320,(anonymous_22)
FNDA:2,(anonymous_23)
FNDA:7,(anonymous_24)
FNDA:0,(anonymous_25)
DA:5,1
DA:6,95
DA:7,95
DA:8,95
DA:9,95
DA:10,95
DA:11,95
DA:12,95
DA:14,95
DA:21,95
DA:33,95
DA:34,11
DA:35,11
DA:36,8
DA:37,8
DA:39,3
DA:40,3
DA:45,95
DA:46,11
DA:48,11
DA:51,11
DA:52,3
DA:56,11
DA:57,9
DA:58,21
DA:60,6
DA:64,11
DA:68,95
DA:69,2
DA:70,2
DA:74,95
DA:75,9
DA:76,9
DA:77,9
DA:81,95
DA:82,0
DA:83,0
DA:84,0
DA:85,0
DA:86,0
DA:87,0
DA:91,95
DA:92,46
DA:93,1
DA:94,1
DA:98,46
DA:99,46
DA:103,95
DA:104,7
DA:106,2
DA:108,4
DA:110,1
DA:112,0
DA:116,95
DA:134,380
DA:147,20
DA:170,0
DA:183,5
DA:204,16
DA:207,1
DA:216,0
DA:232,1
DA:258,1
DA:270,320
DA:272,2
DA:291,7
DA:293,0
LF:67
LH:57
BRDA:51,0,0,2
BRDA:51,0,1,9
BRDA:51,1,0,11
BRDA:51,1,1,2
BRDA:56,2,0,9
BRDA:56,2,1,2
BRDA:58,3,0,21
BRDA:58,3,1,15
BRDA:58,3,2,15
BRDA:93,4,0,1
BRDA:93,4,1,0
BRDA:93,5,0,1
BRDA:93,5,1,1
BRDA:104,6,0,2
BRDA:104,6,1,4
BRDA:104,6,2,1
BRDA:104,6,3,0
BRDA:186,7,0,4
BRDA:186,7,1,91
BRDA:200,8,0,95
BRDA:200,8,1,4
BRDA:227,9,0,95
BRDA:227,9,1,40
BRDA:274,10,0,40
BRDA:274,10,1,280
BRDA:274,11,0,320
BRDA:274,11,1,317
BRDA:274,11,2,40
BRDA:287,12,0,20
BRDA:287,12,1,20
BRDA:287,13,0,40
BRDA:287,13,1,23
BRDA:288,14,0,7
BRDA:288,14,1,13
BRF:34
BRH:32
end_of_record
TN:
SF:src/components/recipes/RecipeCard.jsx
FN:4,(anonymous_0)
FN:8,(anonymous_1)
FN:14,(anonymous_2)
FNF:3
FNH:3
FNDA:153,(anonymous_0)
FNDA:1,(anonymous_1)
FNDA:153,(anonymous_2)
DA:4,3
DA:5,153
DA:6,153
DA:8,153
DA:9,1
DA:10,1
DA:11,1
DA:14,153
DA:15,153
DA:17,93
DA:19,59
DA:21,1
DA:23,0
DA:27,153
LF:14
LH:13
BRDA:15,0,0,93
BRDA:15,0,1,59
BRDA:15,0,2,1
BRDA:15,0,3,0
BRDA:117,1,0,1
BRDA:117,1,1,152
BRDA:121,2,0,1
BRDA:121,2,1,152
BRDA:125,3,0,1
BRDA:125,3,1,152
BRF:10
BRH:9
end_of_record
TN:
SF:src/components/recipes/RecipePDF.jsx
FN:21,(anonymous_0)
FN:24,(anonymous_1)
FN:228,(anonymous_2)
FN:233,(anonymous_3)
FN:234,(anonymous_4)
FN:238,(anonymous_5)
FN:255,(anonymous_6)
FN:273,(anonymous_7)
FN:337,(anonymous_8)
FN:358,(anonymous_9)
FN:379,(anonymous_10)
FNF:11
FNH:11
FNDA:32,(anonymous_0)
FNDA:1,(anonymous_1)
FNDA:32,(anonymous_2)
FNDA:116,(anonymous_3)
FNDA:116,(anonymous_4)
FNDA:32,(anonymous_5)
FNDA:32,(anonymous_6)
FNDA:3,(anonymous_7)
FNDA:61,(anonymous_8)
FNDA:110,(anonymous_9)
FNDA:116,(anonymous_10)
DA:21,3
DA:22,32
DA:24,32
DA:25,1
DA:26,1
DA:29,1
DA:221,1
DA:222,1
DA:223,1
DA:224,1
DA:228,32
DA:229,32
DA:231,30
DA:233,116
DA:234,116
DA:235,30
DA:238,32
DA:239,32
DA:240,32
DA:241,32
DA:243,32
DA:244,160
DA:245,112
DA:246,48
DA:247,28
DA:249,20
DA:252,32
DA:255,32
DA:256,32
DA:257,0
DA:258,29
DA:260,0
DA:261,3
DA:265,32
DA:267,32
DA:273,3
DA:338,61
DA:359,110
DA:380,116
LF:39
LH:37
BRDA:229,0,0,2
BRDA:229,0,1,30
BRDA:233,1,0,116
BRDA:233,1,1,116
BRDA:240,2,0,32
BRDA:240,2,1,4
BRDA:244,3,0,112
BRDA:244,3,1,48
BRDA:246,4,0,28
BRDA:246,4,1,20
BRDA:246,5,0,48
BRDA:246,5,1,32
BRDA:256,6,0,0
BRDA:256,6,1,29
BRDA:256,6,2,0
BRDA:256,6,3,0
BRDA:256,6,4,3
BRDA:265,7,0,32
BRDA:265,7,1,32
BRDA:351,8,0,32
BRDA:351,8,1,30
BRDA:351,8,2,29
BRDA:372,9,0,32
BRDA:372,9,1,32
BRDA:372,9,2,30
BRF:25
BRH:22
end_of_record
TN:
SF:src/components/ui/EmptyState.jsx
FN:3,(anonymous_0)
FNF:1
FNH:1
FNDA:46,(anonymous_0)
DA:3,3
DA:14,46
DA:15,46
DA:17,46
LF:4
LH:4
BRDA:4,0,0,46
BRDA:14,1,0,46
BRDA:14,1,1,10
BRDA:14,1,2,7
BRDA:15,2,0,46
BRDA:15,2,1,44
BRDA:30,3,0,0
BRDA:30,3,1,46
BRDA:51,4,0,46
BRDA:51,4,1,3
BRDA:51,4,2,3
BRDA:66,5,0,46
BRDA:66,5,1,38
BRDA:66,5,2,37
BRDA:66,5,3,37
BRF:15
BRH:14
end_of_record
TN:
SF:src/components/ui/ErrorMessage.jsx
FN:1,(anonymous_0)
FNF:1
FNH:1
FNDA:16,(anonymous_0)
DA:1,4
DA:2,16
LF:2
LH:2
BRDA:25,0,0,16
BRDA:25,0,1,5
BRDA:27,1,0,16
BRDA:27,1,1,11
BRF:4
BRH:4
end_of_record
TN:
SF:src/components/ui/LoadingSpinner.jsx
FN:1,(anonymous_0)
FNF:1
FNH:1
FNDA:124,(anonymous_0)
DA:1,4
DA:2,124
DA:8,124
DA:14,124
LF:4
LH:4
BRDA:1,0,0,124
BRDA:1,1,0,124
BRDA:29,2,0,124
BRDA:29,2,1,123
BRF:4
BRH:4
end_of_record
TN:
SF:src/context/FavoritesContext.jsx
FN:8,(anonymous_0)
FN:16,(anonymous_1)
FN:17,(anonymous_2)
FN:26,(anonymous_3)
FN:30,(anonymous_4)
FN:31,(anonymous_5)
FN:32,(anonymous_6)
FN:39,(anonymous_7)
FN:40,(anonymous_8)
FN:40,(anonymous_9)
FN:43,(anonymous_10)
FN:44,(anonymous_11)
FN:47,(anonymous_12)
FN:55,(anonymous_13)
FN:59,(anonymous_14)
FN:60,(anonymous_15)
FNF:16
FNH:16
FNDA:322,(anonymous_0)
FNDA:212,(anonymous_1)
FNDA:188,(anonymous_2)
FNDA:206,(anonymous_3)
FNDA:15,(anonymous_4)
FNDA:15,(anonymous_5)
FNDA:3,(anonymous_6)
FNDA:3,(anonymous_7)
FNDA:3,(anonymous_8)
FNDA:2,(anonymous_9)
FNDA:319,(anonymous_10)
FNDA:32,(anonymous_11)
FNDA:3,(anonymous_12)
FNDA:1,(anonymous_13)
FNDA:2,(anonymous_14)
FNDA:2,(anonymous_15)
DA:4,14
DA:8,14
DA:9,322
DA:10,322
DA:11,2
DA:13,319
DA:16,14
DA:17,212
DA:19,188
DA:20,188
DA:23,212
DA:26,212
DA:27,206
DA:30,212
DA:31,15
DA:32,15
DA:33,15
DA:34,14
DA:36,15
DA:39,212
DA:40,3
DA:43,212
DA:44,319
DA:47,212
DA:48,3
DA:49,1
DA:51,2
DA:55,212
DA:56,1
DA:59,212
DA:60,2
DA:63,212
DA:76,212
LF:33
LH:33
BRDA:10,0,0,2
BRDA:10,0,1,320
BRDA:20,1,0,125
BRDA:20,1,1,63
BRDA:33,2,0,1
BRDA:33,2,1,14
BRDA:48,3,0,1
BRDA:48,3,1,2
BRF:8
BRH:8
end_of_record
TN:
SF:src/pages/About.jsx
FN:1,(anonymous_0)
FN:80,(anonymous_1)
FNF:2
FNH:2
FNDA:8,(anonymous_0)
FNDA:40,(anonymous_1)
DA:1,1
DA:2,8
DA:81,40
LF:3
LH:3
BRF:0
BRH:0
end_of_record
TN:
SF:src/pages/CreateRecipe.jsx
FN:5,(anonymous_0)
FN:34,(anonymous_1)
FN:36,(anonymous_2)
FN:42,(anonymous_3)
FN:51,(anonymous_4)
FN:52,(anonymous_5)
FN:135,(anonymous_6)
FN:155,(anonymous_7)
FN:290,(anonymous_8)
FNF:9
FNH:9
FNDA:121,(anonymous_0)
FNDA:63,(anonymous_1)
FNDA:63,(anonymous_2)
FNDA:9,(anonymous_3)
FNDA:20,(anonymous_4)
FNDA:20,(anonymous_5)
FNDA:968,(anonymous_6)
FNDA:363,(anonymous_7)
FNDA:1,(anonymous_8)
DA:5,1
DA:6,121
DA:7,121
DA:18,121
DA:19,121
DA:21,121
DA:32,121
DA:34,121
DA:35,63
DA:36,63
DA:42,121
DA:43,9
DA:44,9
DA:45,9
DA:47,9
DA:49,9
DA:51,20
DA:52,20
DA:54,9
DA:61,9
DA:63,7
DA:64,6
DA:66,1
DA:69,1
DA:71,8
DA:75,121
DA:136,968
DA:156,363
DA:290,1
LF:29
LH:29
BRDA:63,0,0,6
BRDA:63,0,1,1
BRDA:88,1,0,121
BRDA:88,1,1,2
BRDA:304,2,0,9
BRDA:304,2,1,112
BRF:6
BRH:6
end_of_record
TN:
SF:src/pages/Home.jsx
FN:9,(anonymous_0)
FN:15,(anonymous_1)
FN:19,(anonymous_2)
FN:213,(anonymous_3)
FNF:4
FNH:4
FNDA:11,(anonymous_0)
FNDA:6,(anonymous_1)
FNDA:6,(anonymous_2)
FNDA:8,(anonymous_3)
DA:9,1
DA:10,11
DA:11,11
DA:12,11
DA:13,11
DA:15,11
DA:16,6
DA:19,11
DA:20,6
DA:21,6
DA:22,6
DA:24,6
DA:29,4
DA:30,4
DA:33,4
DA:34,4
DA:37,1
DA:39,5
DA:43,11
DA:44,6
DA:47,5
DA:48,1
DA:51,4
DA:214,8
LF:24
LH:24
BRDA:29,0,0,4
BRDA:29,0,1,0
BRDA:33,1,0,4
BRDA:33,1,1,0
BRDA:43,2,0,6
BRDA:43,2,1,5
BRDA:47,3,0,1
BRDA:47,3,1,4
BRDA:89,4,0,4
BRDA:89,4,1,4
BRF:10
BRH:8
end_of_record
TN:
SF:src/pages/MyCollection.jsx
FN:9,(anonymous_0)
FN:14,(anonymous_1)
FN:19,(anonymous_2)
FN:32,(anonymous_3)
FN:92,(anonymous_4)
FN:149,(anonymous_5)
FN:156,(anonymous_6)
FN:183,(anonymous_7)
FNF:8
FNH:8
FNDA:29,(anonymous_0)
FNDA:2,(anonymous_1)
FNDA:40,(anonymous_2)
FNDA:41,(anonymous_3)
FNDA:41,(anonymous_4)
FNDA:2,(anonymous_5)
FNDA:1,(anonymous_6)
FNDA:1,(anonymous_7)
DA:9,1
DA:10,29
DA:11,29
DA:12,29
DA:14,29
DA:15,2
DA:16,2
DA:19,29
DA:20,40
DA:22,16
DA:24,17
DA:26,1
DA:28,6
DA:32,29
DA:33,41
DA:34,41
DA:35,41
DA:36,205
DA:42,41
DA:45,29
DA:46,3
DA:60,26
DA:93,41
DA:149,2
DA:156,1
DA:184,1
DA:185,1
LF:27
LH:27
BRDA:20,0,0,16
BRDA:20,0,1,17
BRDA:20,0,2,1
BRDA:20,0,3,6
BRDA:34,1,0,41
BRDA:34,1,1,9
BRDA:37,2,0,128
BRDA:37,2,1,77
BRDA:45,3,0,3
BRDA:45,3,1,26
BRDA:70,4,0,11
BRDA:70,4,1,15
BRDA:98,5,0,41
BRDA:98,5,1,40
BRDA:180,6,0,29
BRDA:180,6,1,2
BRDA:180,6,2,2
BRF:17
BRH:17
end_of_record
TN:
SF:src/pages/RecipeDetail.jsx
FN:12,(anonymous_0)
FN:22,(anonymous_1)
FN:27,(anonymous_2)
FN:55,(anonymous_3)
FN:59,(anonymous_4)
FN:80,(anonymous_5)
FN:134,(anonymous_6)
FN:199,(anonymous_7)
FN:248,(anonymous_8)
FN:300,(anonymous_9)
FNF:10
FNH:8
FNDA:72,(anonymous_0)
FNDA:36,(anonymous_1)
FNDA:36,(anonymous_2)
FNDA:1,(anonymous_3)
FNDA:66,(anonymous_4)
FNDA:1,(anonymous_5)
FNDA:165,(anonymous_6)
FNDA:128,(anonymous_7)
FNDA:0,(anonymous_8)
FNDA:0,(anonymous_9)
DA:12,1
DA:13,72
DA:14,72
DA:15,72
DA:16,72
DA:17,72
DA:18,72
DA:19,72
DA:20,72
DA:22,72
DA:23,36
DA:27,72
DA:28,36
DA:29,36
DA:30,36
DA:33,36
DA:35,34
DA:36,2
DA:37,2
DA:40,32
DA:43,32
DA:45,32
DA:46,31
DA:49,1
DA:51,35
DA:55,72
DA:56,1
DA:59,72
DA:60,66
DA:62,2
DA:64,60
DA:66,2
DA:68,2
DA:72,72
DA:73,36
DA:76,36
DA:77,3
DA:80,1
DA:85,33
DA:87,72
DA:135,165
DA:200,128
DA:248,0
DA:300,0
LF:44
LH:42
BRDA:35,0,0,2
BRDA:35,0,1,32
BRDA:45,1,0,31
BRDA:45,1,1,1
BRDA:60,2,0,2
BRDA:60,2,1,60
BRDA:60,2,2,2
BRDA:60,2,3,2
BRDA:72,3,0,36
BRDA:72,3,1,36
BRDA:76,4,0,3
BRDA:76,4,1,33
BRDA:76,5,0,36
BRDA:76,5,1,33
BRDA:79,6,0,3
BRDA:79,6,1,0
BRDA:85,7,0,33
BRDA:85,7,1,1
BRDA:131,8,0,72
BRDA:131,8,1,33
BRDA:138,9,0,165
BRDA:138,9,1,0
BRDA:193,10,0,72
BRDA:193,10,1,32
BRDA:215,11,0,72
BRDA:215,11,1,32
BRDA:242,12,0,1
BRDA:242,12,1,32
BRDA:244,13,0,1
BRDA:244,13,1,32
BRDA:245,14,0,1
BRDA:245,14,1,32
BRDA:297,15,0,72
BRDA:297,15,1,0
BRDA:297,15,2,0
BRF:35
BRH:31
end_of_record
TN:
SF:src/pages/RecipeList.jsx
FN:8,(anonymous_0)
FN:20,(anonymous_1)
FN:24,(anonymous_2)
FN:48,(anonymous_3)
FN:53,(anonymous_4)
FN:59,(anonymous_5)
FN:67,(anonymous_6)
FN:83,(anonymous_7)
FN:88,(anonymous_8)
FN:105,(anonymous_9)
FN:142,(anonymous_10)
FN:170,(anonymous_11)
FN:174,(anonymous_12)
FN:189,(anonymous_13)
FN:219,(anonymous_14)
FN:231,(anonymous_15)
FN:259,(anonymous_16)
FNF:17
FNH:16
FNDA:164,(anonymous_0)
FNDA:35,(anonymous_1)
FNDA:37,(anonymous_2)
FNDA:81,(anonymous_3)
FNDA:9,(anonymous_4)
FNDA:24,(anonymous_5)
FNDA:102,(anonymous_6)
FNDA:81,(anonymous_7)
FNDA:3,(anonymous_8)
FNDA:1,(anonymous_9)
FNDA:9,(anonymous_10)
FNDA:3,(anonymous_11)
FNDA:261,(anonymous_12)
FNDA:2,(anonymous_13)
FNDA:1,(anonymous_14)
FNDA:0,(anonymous_15)
FNDA:129,(anonymous_16)
DA:8,1
DA:9,164
DA:10,164
DA:11,164
DA:12,164
DA:13,164
DA:16,164
DA:17,164
DA:18,164
DA:20,164
DA:21,35
DA:24,164
DA:25,37
DA:26,37
DA:27,37
DA:29,37
DA:34,32
DA:35,31
DA:38,32
DA:39,31
DA:42,4
DA:44,36
DA:48,164
DA:49,81
DA:52,81
DA:53,9
DA:57,81
DA:58,8
DA:59,8
DA:60,24
DA:67,81
DA:68,102
DA:70,96
DA:72,2
DA:74,4
DA:76,0
DA:80,81
DA:83,164
DA:84,81
DA:88,164
DA:89,3
DA:90,3
DA:92,2
DA:93,2
DA:94,2
DA:95,1
DA:96,1
DA:99,1
DA:101,2
DA:105,164
DA:106,1
DA:107,1
DA:108,1
DA:109,1
DA:112,164
DA:113,71
DA:116,93
DA:117,5
DA:120,88
DA:142,9
DA:170,3
DA:175,261
DA:189,2
DA:219,1
DA:231,0
DA:260,129
LF:66
LH:64
BRDA:34,0,0,31
BRDA:34,0,1,1
BRDA:38,1,0,31
BRDA:38,1,1,1
BRDA:52,2,0,3
BRDA:52,2,1,78
BRDA:57,3,0,8
BRDA:57,3,1,73
BRDA:60,4,0,24
BRDA:60,4,1,21
BRDA:60,4,2,21
BRDA:60,4,3,21
BRDA:68,5,0,96
BRDA:68,5,1,2
BRDA:68,5,2,4
BRDA:68,5,3,0
BRDA:90,6,0,1
BRDA:90,6,1,2
BRDA:95,7,0,1
BRDA:95,7,1,0
BRDA:112,8,0,71
BRDA:112,8,1,93
BRDA:112,9,0,164
BRDA:112,9,1,75
BRDA:116,10,0,5
BRDA:116,10,1,88
BRDA:207,11,0,88
BRDA:207,11,1,82
BRDA:207,11,2,27
BRDA:214,12,0,27
BRDA:214,12,1,6
BRDA:226,13,0,27
BRDA:226,13,1,21
BRDA:244,14,0,4
BRDA:244,14,1,84
BRDA:246,15,0,35
BRDA:246,15,1,49
BRF:37
BRH:35
end_of_record
TN:
SF:src/services/graphqlApi.js
FN:11,handleProductionQuery
FN:13,(anonymous_1)
FN:18,(anonymous_2)
FN:19,(anonymous_3)
FN:25,(anonymous_4)
FN:39,(anonymous_5)
FN:48,graphqlRequest
FN:133,(anonymous_7)
FN:138,(anonymous_8)
FN:142,(anonymous_9)
FN:146,(anonymous_10)
FN:150,(anonymous_11)
FNF:12
FNH:12
FNDA:16,handleProductionQuery
FNDA:18,(anonymous_1)
FNDA:24,(anonymous_2)
FNDA:258,(anonymous_3)
FNDA:18,(anonymous_4)
FNDA:30,(anonymous_5)
FNDA:6,graphqlRequest
FNDA:2,(anonymous_7)
FNDA:1,(anonymous_8)
FNDA:1,(anonymous_9)
FNDA:1,(anonymous_10)
FNDA:1,(anonymous_11)
DA:7,1
DA:8,1
DA:12,16
DA:13,18
DA:14,4
DA:17,12
DA:18,3
DA:19,258
DA:21,3
DA:24,9
DA:25,18
DA:26,4
DA:37,5
DA:38,3
DA:39,30
DA:41,3
DA:44,2
DA:50,6
DA:51,0
DA:54,6
DA:65,6
DA:69,1
DA:132,1
DA:134,2
DA:139,1
DA:143,1
DA:147,1
DA:151,1
LF:28
LH:27
BRDA:12,0,0,4
BRDA:12,0,1,12
BRDA:13,1,0,18
BRDA:13,1,1,16
BRDA:14,2,0,4
BRDA:14,2,1,2
BRDA:17,3,0,3
BRDA:17,3,1,9
BRDA:24,4,0,4
BRDA:24,4,1,5
BRDA:25,5,0,18
BRDA:25,5,1,16
BRDA:29,6,0,2
BRDA:29,6,1,2
BRDA:30,7,0,2
BRDA:30,7,1,2
BRDA:37,8,0,3
BRDA:37,8,1,2
BRDA:48,9,0,6
BRDA:50,10,0,0
BRDA:50,10,1,6
BRF:21
BRH:20
end_of_record
TN:
SF:src/services/restApi.js
FN:12,(anonymous_0)
FN:18,(anonymous_1)
FN:19,(anonymous_2)
FN:25,(anonymous_3)
FN:26,(anonymous_4)
FN:34,(anonymous_5)
FN:36,(anonymous_6)
FN:49,(anonymous_7)
FN:61,(anonymous_8)
FN:62,(anonymous_9)
FN:70,(anonymous_10)
FN:72,(anonymous_11)
FN:73,(anonymous_12)
FN:74,(anonymous_13)
FN:90,(anonymous_14)
FN:99,(anonymous_15)
FN:108,(anonymous_16)
FN:117,(anonymous_17)
FN:126,(anonymous_18)
FN:141,(anonymous_19)
FN:149,(anonymous_20)
FN:160,(anonymous_21)
FNF:22
FNH:22
FNDA:2,(anonymous_0)
FNDA:4,(anonymous_1)
FNDA:11,(anonymous_2)
FNDA:3,(anonymous_3)
FNDA:24,(anonymous_4)
FNDA:7,(anonymous_5)
FNDA:56,(anonymous_6)
FNDA:3,(anonymous_7)
FNDA:2,(anonymous_8)
FNDA:16,(anonymous_9)
FNDA:3,(anonymous_10)
FNDA:24,(anonymous_11)
FNDA:24,(anonymous_12)
FNDA:24,(anonymous_13)
FNDA:2,(anonymous_14)
FNDA:1,(anonymous_15)
FNDA:1,(anonymous_16)
FNDA:1,(anonymous_17)
FNDA:1,(anonymous_18)
FNDA:2,(anonymous_19)
FNDA:3,(anonymous_20)
FNDA:1,(anonymous_21)
DA:7,1
DA:8,1
DA:11,1
DA:12,2
DA:19,11
DA:20,4
DA:26,24
DA:27,3
DA:35,7
DA:36,7
DA:37,56
DA:42,7
DA:50,3
DA:54,3
DA:62,16
DA:63,2
DA:71,3
DA:72,24
DA:73,24
DA:74,24
DA:76,3
DA:88,1
DA:91,2
DA:92,0
DA:94,2
DA:95,2
DA:100,1
DA:101,0
DA:103,1
DA:104,1
DA:109,1
DA:110,0
DA:112,1
DA:113,1
DA:118,1
DA:119,0
DA:121,1
DA:122,1
DA:127,1
DA:128,0
DA:130,1
DA:137,1
DA:142,2
DA:143,0
DA:145,2
DA:146,2
DA:148,2
DA:149,3
DA:150,1
DA:156,1
DA:161,1
DA:162,0
DA:164,1
DA:165,1
LF:54
LH:47
BRDA:19,0,0,11
BRDA:19,0,1,9
BRDA:19,0,2,8
BRDA:20,1,0,3
BRDA:20,1,1,1
BRDA:37,2,0,56
BRDA:37,2,1,53
BRDA:37,2,2,50
BRDA:37,2,3,48
BRDA:37,2,4,48
BRDA:91,3,0,0
BRDA:91,3,1,2
BRDA:100,4,0,0
BRDA:100,4,1,1
BRDA:109,5,0,0
BRDA:109,5,1,1
BRDA:118,6,0,0
BRDA:118,6,1,1
BRDA:127,7,0,0
BRDA:127,7,1,1
BRDA:142,8,0,0
BRDA:142,8,1,2
BRDA:148,9,0,1
BRDA:148,9,1,1
BRDA:161,10,0,0
BRDA:161,10,1,1
BRF:26
BRH:19
end_of_record
